2025-08-16 15:06:55,206 - keep_alive - INFO - Keep-alive service started
2025-08-16 15:06:55,211 - keep_alive - INFO - Keep-alive service started
2025-08-16 15:06:55,299 - keep_alive - INFO - Keep-alive server started on port 5000
2025-08-16 15:06:55,301 - keep_alive - ERROR - Error starting keep-alive server: [Errno 98] Address already in use
2025-08-16 15:06:55,418 - __main__ - ERROR - Error starting bot: table sessions already exists
2025-08-16 15:06:55,418 - __main__ - INFO - Bot stopped.
2025-08-16 15:06:55,719 - pyrogram.session.auth - INFO - Start creating a new auth key on DC2
2025-08-16 15:06:55,720 - pyrogram.connection.connection - INFO - Connecting...
2025-08-16 15:06:55,824 - pyrogram.connection.connection - INFO - Connected! Production DC2 - IPv4
2025-08-16 15:06:57,647 - pyrogram.session.auth - INFO - Done auth key exchange: DhGenOk
2025-08-16 15:06:57,648 - pyrogram.connection.connection - INFO - Disconnected
2025-08-16 15:06:57,664 - pyrogram.connection.connection - INFO - Connecting...
2025-08-16 15:06:57,767 - pyrogram.connection.connection - INFO - Connected! Production DC2 - IPv4
2025-08-16 15:06:57,768 - pyrogram.session.session - INFO - NetworkTask started
2025-08-16 15:06:58,231 - pyrogram.session.session - INFO - Session initialized: Layer 158
2025-08-16 15:06:58,231 - pyrogram.session.session - INFO - Device: CPython 3.11.13 - Pyrogram 2.0.106
2025-08-16 15:06:58,231 - pyrogram.session.session - INFO - System: Linux 6.2.16 (en)
2025-08-16 15:06:58,231 - pyrogram.session.session - INFO - Session started
2025-08-16 15:06:58,233 - pyrogram.session.session - INFO - PingTask started
2025-08-16 15:06:58,346 - pyrogram.session.session - INFO - PingTask stopped
2025-08-16 15:06:58,346 - pyrogram.connection.connection - INFO - Disconnected
2025-08-16 15:06:58,347 - pyrogram.session.session - INFO - NetworkTask stopped
2025-08-16 15:06:58,347 - pyrogram.session.session - INFO - Session stopped
2025-08-16 15:06:58,367 - pyrogram.session.auth - INFO - Start creating a new auth key on DC4
2025-08-16 15:06:58,368 - pyrogram.connection.connection - INFO - Connecting...
2025-08-16 15:06:58,471 - pyrogram.connection.connection - INFO - Connected! Production DC4 - IPv4
2025-08-16 15:06:59,944 - pyrogram.session.auth - INFO - Done auth key exchange: DhGenOk
2025-08-16 15:06:59,944 - pyrogram.connection.connection - INFO - Disconnected
2025-08-16 15:06:59,969 - pyrogram.connection.connection - INFO - Connecting...
2025-08-16 15:07:00,072 - pyrogram.connection.connection - INFO - Connected! Production DC4 - IPv4
2025-08-16 15:07:00,073 - pyrogram.session.session - INFO - NetworkTask started
2025-08-16 15:07:00,442 - keep_alive - INFO - Keep-alive service started
2025-08-16 15:07:00,455 - keep_alive - ERROR - Error starting keep-alive server: [Errno 98] Address already in use
2025-08-16 15:07:00,542 - pyrogram.session.session - INFO - Session initialized: Layer 158
2025-08-16 15:07:00,542 - pyrogram.session.session - INFO - Device: CPython 3.11.13 - Pyrogram 2.0.106
2025-08-16 15:07:00,542 - pyrogram.session.session - INFO - System: Linux 6.2.16 (en)
2025-08-16 15:07:00,543 - pyrogram.session.session - INFO - Session started
2025-08-16 15:07:00,543 - pyrogram.session.session - INFO - PingTask started
2025-08-16 15:07:00,638 - pyrogram.session.auth - INFO - Start creating a new auth key on DC2
2025-08-16 15:07:00,639 - pyrogram.connection.connection - INFO - Connecting...
2025-08-16 15:07:00,742 - pyrogram.connection.connection - INFO - Connected! Production DC2 - IPv4
2025-08-16 15:07:00,964 - pyrogram.client - INFO - [MediaSearchBot] [LOAD] MessageHandler("stats_command") in group 0 from "plugins.admin"
2025-08-16 15:07:00,964 - pyrogram.client - INFO - [MediaSearchBot] [LOAD] MessageHandler("total_command") in group 0 from "plugins.admin"
2025-08-16 15:07:00,965 - pyrogram.client - INFO - [MediaSearchBot] [LOAD] MessageHandler("broadcast_command") in group 0 from "plugins.admin"
2025-08-16 15:07:00,965 - pyrogram.client - INFO - [MediaSearchBot] [LOAD] MessageHandler("ban_command") in group 0 from "plugins.admin"
2025-08-16 15:07:00,965 - pyrogram.client - INFO - [MediaSearchBot] [LOAD] MessageHandler("unban_command") in group 0 from "plugins.admin"
2025-08-16 15:07:00,965 - pyrogram.client - INFO - [MediaSearchBot] [LOAD] MessageHandler("logger_command") in group 0 from "plugins.admin"
2025-08-16 15:07:00,965 - pyrogram.client - INFO - [MediaSearchBot] [LOAD] MessageHandler("delete_command") in group 0 from "plugins.admin"
2025-08-16 15:07:00,967 - pyrogram.client - INFO - [MediaSearchBot] [LOAD] MessageHandler("index_media") in group 0 from "plugins.index"
2025-08-16 15:07:00,967 - pyrogram.client - INFO - [MediaSearchBot] [LOAD] MessageHandler("manual_index_command") in group 0 from "plugins.index"
2025-08-16 15:07:00,967 - pyrogram.client - INFO - [MediaSearchBot] [LOAD] EditedMessageHandler("handle_edited_media") in group 0 from "plugins.index"
2025-08-16 15:07:00,970 - pyrogram.client - INFO - [MediaSearchBot] [LOAD] InlineQueryHandler("inline_query_handler") in group 0 from "plugins.inline"
2025-08-16 15:07:00,973 - pyrogram.client - INFO - [MediaSearchBot] [LOAD] MessageHandler("start_command") in group 0 from "plugins.start"
2025-08-16 15:07:00,973 - pyrogram.client - INFO - [MediaSearchBot] [LOAD] CallbackQueryHandler("check_subscription") in group 0 from "plugins.start"
2025-08-16 15:07:00,973 - pyrogram.client - INFO - [MediaSearchBot] [LOAD] CallbackQueryHandler("handle_callbacks") in group 0 from "plugins.start"
2025-08-16 15:07:00,973 - pyrogram.client - INFO - [MediaSearchBot] Successfully loaded 14 plugins from "plugins"
2025-08-16 15:07:00,973 - pyrogram.dispatcher - INFO - Started 12 HandlerTasks
2025-08-16 15:07:02,664 - pyrogram.session.auth - INFO - Done auth key exchange: DhGenOk
2025-08-16 15:07:02,665 - pyrogram.connection.connection - INFO - Disconnected
2025-08-16 15:07:03,668 - __main__ - ERROR - Error starting bot: database is locked
2025-08-16 15:07:03,668 - __main__ - INFO - Bot stopped.
2025-08-16 15:07:05,601 - keep_alive - INFO - Keep-alive service started
2025-08-16 15:07:05,614 - keep_alive - INFO - Keep-alive server started on port 5000
2025-08-16 15:07:06,345 - pyrogram.connection.connection - INFO - Connecting...
2025-08-16 15:07:06,448 - pyrogram.connection.connection - INFO - Connected! Production DC2 - IPv4
2025-08-16 15:07:06,449 - pyrogram.session.session - INFO - NetworkTask started
2025-08-16 15:07:06,697 - pyrogram.session.session - WARNING - Server sent transport error: 404 (auth key not found)
2025-08-16 15:07:06,698 - pyrogram.session.session - INFO - NetworkTask stopped
2025-08-16 15:07:08,451 - pyrogram.connection.connection - INFO - Disconnected
2025-08-16 15:07:08,451 - pyrogram.session.session - INFO - Session stopped
2025-08-16 15:07:08,452 - pyrogram.connection.connection - INFO - Connecting...
2025-08-16 15:07:08,555 - pyrogram.connection.connection - INFO - Connected! Production DC2 - IPv4
2025-08-16 15:07:08,555 - pyrogram.session.session - INFO - NetworkTask started
2025-08-16 15:07:08,803 - pyrogram.session.session - WARNING - Server sent transport error: 404 (auth key not found)
2025-08-16 15:07:08,803 - pyrogram.session.session - INFO - NetworkTask stopped
2025-08-16 15:07:10,558 - pyrogram.connection.connection - INFO - Disconnected
2025-08-16 15:07:10,559 - pyrogram.session.session - INFO - Session stopped
2025-08-16 15:07:10,559 - pyrogram.connection.connection - INFO - Connecting...
2025-08-16 15:07:10,662 - pyrogram.connection.connection - INFO - Connected! Production DC2 - IPv4
2025-08-16 15:07:10,662 - pyrogram.session.session - INFO - NetworkTask started
2025-08-16 15:07:10,911 - pyrogram.session.session - WARNING - Server sent transport error: 404 (auth key not found)
2025-08-16 15:07:10,911 - pyrogram.session.session - INFO - NetworkTask stopped
2025-08-16 15:07:12,665 - pyrogram.connection.connection - INFO - Disconnected
2025-08-16 15:07:12,665 - pyrogram.session.session - INFO - Session stopped
2025-08-16 15:07:12,665 - pyrogram.connection.connection - INFO - Connecting...
2025-08-16 15:07:12,769 - pyrogram.connection.connection - INFO - Connected! Production DC2 - IPv4
2025-08-16 15:07:12,769 - pyrogram.session.session - INFO - NetworkTask started
2025-08-16 15:07:13,017 - pyrogram.session.session - WARNING - Server sent transport error: 404 (auth key not found)
2025-08-16 15:07:13,017 - pyrogram.session.session - INFO - NetworkTask stopped
2025-08-16 15:07:14,773 - pyrogram.connection.connection - INFO - Disconnected
2025-08-16 15:07:14,773 - pyrogram.session.session - INFO - Session stopped
2025-08-16 15:07:14,773 - pyrogram.connection.connection - INFO - Connecting...
2025-08-16 15:07:14,876 - pyrogram.connection.connection - INFO - Connected! Production DC2 - IPv4
2025-08-16 15:07:14,877 - pyrogram.session.session - INFO - NetworkTask started
2025-08-16 15:07:15,124 - pyrogram.session.session - WARNING - Server sent transport error: 404 (auth key not found)
2025-08-16 15:07:15,124 - pyrogram.session.session - INFO - NetworkTask stopped
2025-08-16 15:07:16,879 - pyrogram.connection.connection - INFO - Disconnected
2025-08-16 15:07:16,879 - pyrogram.session.session - INFO - Session stopped
2025-08-16 15:07:16,880 - pyrogram.connection.connection - INFO - Connecting...
2025-08-16 15:07:16,983 - pyrogram.connection.connection - INFO - Connected! Production DC2 - IPv4
2025-08-16 15:07:16,983 - pyrogram.session.session - INFO - NetworkTask started
2025-08-16 15:07:18,264 - keep_alive - INFO - Keep-alive service started
2025-08-16 15:07:18,279 - keep_alive - INFO - Keep-alive server started on port 5000
2025-08-16 15:07:18,697 - pyrogram.session.auth - INFO - Start creating a new auth key on DC2
2025-08-16 15:07:18,697 - pyrogram.connection.connection - INFO - Connecting...
2025-08-16 15:07:18,800 - pyrogram.connection.connection - INFO - Connected! Production DC2 - IPv4
2025-08-16 15:07:20,099 - pyrogram.session.auth - INFO - Done auth key exchange: DhGenOk
2025-08-16 15:07:20,100 - pyrogram.connection.connection - INFO - Disconnected
2025-08-16 15:07:20,121 - pyrogram.connection.connection - INFO - Connecting...
2025-08-16 15:07:20,224 - pyrogram.connection.connection - INFO - Connected! Production DC2 - IPv4
2025-08-16 15:07:20,226 - pyrogram.session.session - INFO - NetworkTask started
2025-08-16 15:07:20,688 - pyrogram.session.session - INFO - Session initialized: Layer 158
2025-08-16 15:07:20,688 - pyrogram.session.session - INFO - Device: CPython 3.11.13 - Pyrogram 2.0.106
2025-08-16 15:07:20,688 - pyrogram.session.session - INFO - System: Linux 6.2.16 (en)
2025-08-16 15:07:20,688 - pyrogram.session.session - INFO - Session started
2025-08-16 15:07:20,690 - pyrogram.session.session - INFO - PingTask started
2025-08-16 15:07:20,803 - pyrogram.session.session - INFO - PingTask stopped
2025-08-16 15:07:20,803 - pyrogram.connection.connection - INFO - Disconnected
2025-08-16 15:07:20,803 - pyrogram.session.session - INFO - NetworkTask stopped
2025-08-16 15:07:20,804 - pyrogram.session.session - INFO - Session stopped
2025-08-16 15:07:20,836 - pyrogram.session.auth - INFO - Start creating a new auth key on DC4
2025-08-16 15:07:20,837 - pyrogram.connection.connection - INFO - Connecting...
2025-08-16 15:07:20,940 - pyrogram.connection.connection - INFO - Connected! Production DC4 - IPv4
2025-08-16 15:07:22,273 - pyrogram.session.auth - INFO - Done auth key exchange: DhGenOk
2025-08-16 15:07:22,274 - pyrogram.connection.connection - INFO - Disconnected
2025-08-16 15:07:22,290 - pyrogram.connection.connection - INFO - Connecting...
2025-08-16 15:07:22,393 - pyrogram.connection.connection - INFO - Connected! Production DC4 - IPv4
2025-08-16 15:07:22,393 - pyrogram.session.session - INFO - NetworkTask started
2025-08-16 15:07:22,858 - pyrogram.session.session - INFO - Session initialized: Layer 158
2025-08-16 15:07:22,858 - pyrogram.session.session - INFO - Device: CPython 3.11.13 - Pyrogram 2.0.106
2025-08-16 15:07:22,858 - pyrogram.session.session - INFO - System: Linux 6.2.16 (en)
2025-08-16 15:07:22,858 - pyrogram.session.session - INFO - Session started
2025-08-16 15:07:22,859 - pyrogram.session.session - INFO - PingTask started
2025-08-16 15:07:23,301 - pyrogram.client - INFO - [MediaSearchBot] [LOAD] MessageHandler("stats_command") in group 0 from "plugins.admin"
2025-08-16 15:07:23,301 - pyrogram.client - INFO - [MediaSearchBot] [LOAD] MessageHandler("total_command") in group 0 from "plugins.admin"
2025-08-16 15:07:23,301 - pyrogram.client - INFO - [MediaSearchBot] [LOAD] MessageHandler("broadcast_command") in group 0 from "plugins.admin"
2025-08-16 15:07:23,301 - pyrogram.client - INFO - [MediaSearchBot] [LOAD] MessageHandler("ban_command") in group 0 from "plugins.admin"
2025-08-16 15:07:23,301 - pyrogram.client - INFO - [MediaSearchBot] [LOAD] MessageHandler("unban_command") in group 0 from "plugins.admin"
2025-08-16 15:07:23,301 - pyrogram.client - INFO - [MediaSearchBot] [LOAD] MessageHandler("logger_command") in group 0 from "plugins.admin"
2025-08-16 15:07:23,302 - pyrogram.client - INFO - [MediaSearchBot] [LOAD] MessageHandler("delete_command") in group 0 from "plugins.admin"
2025-08-16 15:07:23,303 - pyrogram.client - INFO - [MediaSearchBot] [LOAD] MessageHandler("index_media") in group 0 from "plugins.index"
2025-08-16 15:07:23,303 - pyrogram.client - INFO - [MediaSearchBot] [LOAD] MessageHandler("manual_index_command") in group 0 from "plugins.index"
2025-08-16 15:07:23,303 - pyrogram.client - INFO - [MediaSearchBot] [LOAD] EditedMessageHandler("handle_edited_media") in group 0 from "plugins.index"
2025-08-16 15:07:23,304 - pyrogram.client - INFO - [MediaSearchBot] [LOAD] InlineQueryHandler("inline_query_handler") in group 0 from "plugins.inline"
2025-08-16 15:07:23,305 - pyrogram.client - INFO - [MediaSearchBot] [LOAD] MessageHandler("start_command") in group 0 from "plugins.start"
2025-08-16 15:07:23,305 - pyrogram.client - INFO - [MediaSearchBot] [LOAD] CallbackQueryHandler("check_subscription") in group 0 from "plugins.start"
2025-08-16 15:07:23,305 - pyrogram.client - INFO - [MediaSearchBot] [LOAD] CallbackQueryHandler("handle_callbacks") in group 0 from "plugins.start"
2025-08-16 15:07:23,305 - pyrogram.client - INFO - [MediaSearchBot] Successfully loaded 14 plugins from "plugins"
2025-08-16 15:07:23,305 - pyrogram.dispatcher - INFO - Started 12 HandlerTasks
2025-08-16 15:07:25,894 - database - INFO - Connected to MongoDB successfully
2025-08-16 15:07:26,026 - bot - INFO - Bot started as @dawoflimbot
2025-08-16 15:07:26,026 - __main__ - INFO - Bot started successfully!
2025-08-16 15:07:26,026 - __main__ - ERROR - Error starting bot: 'MediaSearchBot' object has no attribute 'idle'
2025-08-16 15:07:26,026 - __main__ - INFO - Bot stopped.
2025-08-16 15:07:51,950 - keep_alive - INFO - Keep-alive service started
2025-08-16 15:07:51,999 - keep_alive - INFO - Keep-alive server started on port 5000
2025-08-16 15:07:52,174 - pyrogram.connection.connection - INFO - Connecting...
2025-08-16 15:07:52,277 - pyrogram.connection.connection - INFO - Connected! Production DC4 - IPv4
2025-08-16 15:07:52,278 - pyrogram.session.session - INFO - NetworkTask started
2025-08-16 15:07:52,779 - pyrogram.session.session - INFO - Session initialized: Layer 158
2025-08-16 15:07:52,779 - pyrogram.session.session - INFO - Device: CPython 3.11.13 - Pyrogram 2.0.106
2025-08-16 15:07:52,779 - pyrogram.session.session - INFO - System: Linux 6.2.16 (en)
2025-08-16 15:07:52,779 - pyrogram.session.session - INFO - Session started
2025-08-16 15:07:52,781 - pyrogram.session.session - INFO - PingTask started
2025-08-16 15:07:53,147 - pyrogram.client - INFO - [MediaSearchBot] [LOAD] MessageHandler("stats_command") in group 0 from "plugins.admin"
2025-08-16 15:07:53,147 - pyrogram.client - INFO - [MediaSearchBot] [LOAD] MessageHandler("total_command") in group 0 from "plugins.admin"
2025-08-16 15:07:53,147 - pyrogram.client - INFO - [MediaSearchBot] [LOAD] MessageHandler("broadcast_command") in group 0 from "plugins.admin"
2025-08-16 15:07:53,147 - pyrogram.client - INFO - [MediaSearchBot] [LOAD] MessageHandler("ban_command") in group 0 from "plugins.admin"
2025-08-16 15:07:53,147 - pyrogram.client - INFO - [MediaSearchBot] [LOAD] MessageHandler("unban_command") in group 0 from "plugins.admin"
2025-08-16 15:07:53,147 - pyrogram.client - INFO - [MediaSearchBot] [LOAD] MessageHandler("logger_command") in group 0 from "plugins.admin"
2025-08-16 15:07:53,147 - pyrogram.client - INFO - [MediaSearchBot] [LOAD] MessageHandler("delete_command") in group 0 from "plugins.admin"
2025-08-16 15:07:53,148 - pyrogram.client - INFO - [MediaSearchBot] [LOAD] MessageHandler("index_media") in group 0 from "plugins.index"
2025-08-16 15:07:53,148 - pyrogram.client - INFO - [MediaSearchBot] [LOAD] MessageHandler("manual_index_command") in group 0 from "plugins.index"
2025-08-16 15:07:53,149 - pyrogram.client - INFO - [MediaSearchBot] [LOAD] EditedMessageHandler("handle_edited_media") in group 0 from "plugins.index"
2025-08-16 15:07:53,150 - pyrogram.client - INFO - [MediaSearchBot] [LOAD] InlineQueryHandler("inline_query_handler") in group 0 from "plugins.inline"
2025-08-16 15:07:53,151 - pyrogram.client - INFO - [MediaSearchBot] [LOAD] MessageHandler("start_command") in group 0 from "plugins.start"
2025-08-16 15:07:53,151 - pyrogram.client - INFO - [MediaSearchBot] [LOAD] CallbackQueryHandler("check_subscription") in group 0 from "plugins.start"
2025-08-16 15:07:53,151 - pyrogram.client - INFO - [MediaSearchBot] [LOAD] CallbackQueryHandler("handle_callbacks") in group 0 from "plugins.start"
2025-08-16 15:07:53,151 - pyrogram.client - INFO - [MediaSearchBot] Successfully loaded 14 plugins from "plugins"
2025-08-16 15:07:53,152 - pyrogram.dispatcher - INFO - Started 12 HandlerTasks
2025-08-16 15:07:55,757 - database - INFO - Connected to MongoDB successfully
2025-08-16 15:07:55,876 - bot - INFO - Bot started as @dawoflimbot
2025-08-16 15:07:55,879 - __main__ - INFO - Bot started successfully!
2025-08-16 15:08:25,077 - keep_alive - INFO - Keep-alive service started
2025-08-16 15:08:25,089 - keep_alive - ERROR - Error starting keep-alive server: [Errno 98] Address already in use
2025-08-16 15:08:26,086 - __main__ - ERROR - Error starting bot: database is locked
2025-08-16 15:08:26,086 - __main__ - INFO - Bot stopped.
2025-08-16 15:08:26,321 - root - INFO - Stop signal received (SIGTERM). Exiting...
2025-08-16 15:08:27,814 - __main__ - INFO - Bot stopped.
2025-08-16 15:08:29,590 - keep_alive - INFO - Keep-alive service started
2025-08-16 15:08:29,618 - keep_alive - INFO - Keep-alive server started on port 5000
2025-08-16 15:08:29,968 - pyrogram.connection.connection - INFO - Connecting...
2025-08-16 15:08:30,071 - pyrogram.connection.connection - INFO - Connected! Production DC4 - IPv4
2025-08-16 15:08:30,072 - pyrogram.session.session - INFO - NetworkTask started
2025-08-16 15:08:30,553 - pyrogram.session.session - INFO - Session initialized: Layer 158
2025-08-16 15:08:30,565 - pyrogram.session.session - INFO - Device: CPython 3.11.13 - Pyrogram 2.0.106
2025-08-16 15:08:30,566 - pyrogram.session.session - INFO - System: Linux 6.2.16 (en)
2025-08-16 15:08:30,566 - pyrogram.session.session - INFO - Session started
2025-08-16 15:08:30,574 - pyrogram.session.session - INFO - PingTask started
2025-08-16 15:08:30,925 - pyrogram.client - INFO - [MediaSearchBot] [LOAD] MessageHandler("stats_command") in group 0 from "plugins.admin"
2025-08-16 15:08:30,925 - pyrogram.client - INFO - [MediaSearchBot] [LOAD] MessageHandler("total_command") in group 0 from "plugins.admin"
2025-08-16 15:08:30,925 - pyrogram.client - INFO - [MediaSearchBot] [LOAD] MessageHandler("broadcast_command") in group 0 from "plugins.admin"
2025-08-16 15:08:30,925 - pyrogram.client - INFO - [MediaSearchBot] [LOAD] MessageHandler("ban_command") in group 0 from "plugins.admin"
2025-08-16 15:08:30,925 - pyrogram.client - INFO - [MediaSearchBot] [LOAD] MessageHandler("unban_command") in group 0 from "plugins.admin"
2025-08-16 15:08:30,925 - pyrogram.client - INFO - [MediaSearchBot] [LOAD] MessageHandler("logger_command") in group 0 from "plugins.admin"
2025-08-16 15:08:30,926 - pyrogram.client - INFO - [MediaSearchBot] [LOAD] MessageHandler("delete_command") in group 0 from "plugins.admin"
2025-08-16 15:08:30,927 - pyrogram.client - INFO - [MediaSearchBot] [LOAD] MessageHandler("index_media") in group 0 from "plugins.index"
2025-08-16 15:08:30,927 - pyrogram.client - INFO - [MediaSearchBot] [LOAD] MessageHandler("manual_index_command") in group 0 from "plugins.index"
2025-08-16 15:08:30,927 - pyrogram.client - INFO - [MediaSearchBot] [LOAD] EditedMessageHandler("handle_edited_media") in group 0 from "plugins.index"
2025-08-16 15:08:30,928 - pyrogram.client - INFO - [MediaSearchBot] [LOAD] InlineQueryHandler("inline_query_handler") in group 0 from "plugins.inline"
2025-08-16 15:08:30,929 - pyrogram.client - INFO - [MediaSearchBot] [LOAD] MessageHandler("start_command") in group 0 from "plugins.start"
2025-08-16 15:08:30,930 - pyrogram.client - INFO - [MediaSearchBot] [LOAD] CallbackQueryHandler("check_subscription") in group 0 from "plugins.start"
2025-08-16 15:08:30,930 - pyrogram.client - INFO - [MediaSearchBot] [LOAD] CallbackQueryHandler("handle_callbacks") in group 0 from "plugins.start"
2025-08-16 15:08:30,930 - pyrogram.client - INFO - [MediaSearchBot] Successfully loaded 14 plugins from "plugins"
2025-08-16 15:08:30,930 - pyrogram.dispatcher - INFO - Started 12 HandlerTasks
2025-08-16 15:08:54,128 - keep_alive - INFO - Keep-alive service started
2025-08-16 15:08:54,198 - keep_alive - INFO - Keep-alive server started on port 5000
2025-08-16 15:08:54,816 - pyrogram.session.auth - INFO - Start creating a new auth key on DC2
2025-08-16 15:08:54,816 - pyrogram.connection.connection - INFO - Connecting...
2025-08-16 15:08:54,920 - pyrogram.connection.connection - INFO - Connected! Production DC2 - IPv4
2025-08-16 15:08:56,507 - pyrogram.session.auth - INFO - Done auth key exchange: DhGenOk
2025-08-16 15:08:56,520 - pyrogram.connection.connection - INFO - Disconnected
2025-08-16 15:08:56,563 - pyrogram.connection.connection - INFO - Connecting...
2025-08-16 15:08:56,667 - pyrogram.connection.connection - INFO - Connected! Production DC2 - IPv4
2025-08-16 15:08:56,668 - pyrogram.session.session - INFO - NetworkTask started
2025-08-16 15:08:57,202 - pyrogram.session.session - INFO - Session initialized: Layer 158
2025-08-16 15:08:57,203 - pyrogram.session.session - INFO - Device: CPython 3.11.13 - Pyrogram 2.0.106
2025-08-16 15:08:57,203 - pyrogram.session.session - INFO - System: Linux 6.2.16 (en)
2025-08-16 15:08:57,203 - pyrogram.session.session - INFO - Session started
2025-08-16 15:08:57,204 - pyrogram.session.session - INFO - PingTask started
2025-08-16 15:08:57,370 - pyrogram.session.session - INFO - PingTask stopped
2025-08-16 15:08:57,370 - pyrogram.connection.connection - INFO - Disconnected
2025-08-16 15:08:57,370 - pyrogram.session.session - INFO - NetworkTask stopped
2025-08-16 15:08:57,370 - pyrogram.session.session - INFO - Session stopped
2025-08-16 15:08:57,426 - pyrogram.session.auth - INFO - Start creating a new auth key on DC4
2025-08-16 15:08:57,427 - pyrogram.connection.connection - INFO - Connecting...
2025-08-16 15:08:57,530 - pyrogram.connection.connection - INFO - Connected! Production DC4 - IPv4
2025-08-16 15:08:58,934 - pyrogram.session.auth - INFO - Done auth key exchange: DhGenOk
2025-08-16 15:08:58,948 - pyrogram.connection.connection - INFO - Disconnected
2025-08-16 15:08:58,975 - pyrogram.connection.connection - INFO - Connecting...
2025-08-16 15:08:59,078 - pyrogram.connection.connection - INFO - Connected! Production DC4 - IPv4
2025-08-16 15:08:59,079 - pyrogram.session.session - INFO - NetworkTask started
2025-08-16 15:08:59,625 - pyrogram.session.session - INFO - Session initialized: Layer 158
2025-08-16 15:08:59,625 - pyrogram.session.session - INFO - Device: CPython 3.11.13 - Pyrogram 2.0.106
2025-08-16 15:08:59,626 - pyrogram.session.session - INFO - System: Linux 6.2.16 (en)
2025-08-16 15:08:59,626 - pyrogram.session.session - INFO - Session started
2025-08-16 15:08:59,626 - pyrogram.session.session - INFO - PingTask started
2025-08-16 15:09:00,048 - pyrogram.client - INFO - [MediaSearchBot] [LOAD] MessageHandler("stats_command") in group 0 from "plugins.admin"
2025-08-16 15:09:00,049 - pyrogram.client - INFO - [MediaSearchBot] [LOAD] MessageHandler("total_command") in group 0 from "plugins.admin"
2025-08-16 15:09:00,049 - pyrogram.client - INFO - [MediaSearchBot] [LOAD] MessageHandler("broadcast_command") in group 0 from "plugins.admin"
2025-08-16 15:09:00,049 - pyrogram.client - INFO - [MediaSearchBot] [LOAD] MessageHandler("ban_command") in group 0 from "plugins.admin"
2025-08-16 15:09:00,049 - pyrogram.client - INFO - [MediaSearchBot] [LOAD] MessageHandler("unban_command") in group 0 from "plugins.admin"
2025-08-16 15:09:00,049 - pyrogram.client - INFO - [MediaSearchBot] [LOAD] MessageHandler("logger_command") in group 0 from "plugins.admin"
2025-08-16 15:09:00,049 - pyrogram.client - INFO - [MediaSearchBot] [LOAD] MessageHandler("delete_command") in group 0 from "plugins.admin"
2025-08-16 15:09:00,050 - pyrogram.client - INFO - [MediaSearchBot] [LOAD] MessageHandler("index_media") in group 0 from "plugins.index"
2025-08-16 15:09:00,050 - pyrogram.client - INFO - [MediaSearchBot] [LOAD] MessageHandler("manual_index_command") in group 0 from "plugins.index"
2025-08-16 15:09:00,050 - pyrogram.client - INFO - [MediaSearchBot] [LOAD] EditedMessageHandler("handle_edited_media") in group 0 from "plugins.index"
2025-08-16 15:09:00,051 - pyrogram.client - INFO - [MediaSearchBot] [LOAD] InlineQueryHandler("inline_query_handler") in group 0 from "plugins.inline"
2025-08-16 15:09:00,052 - pyrogram.client - INFO - [MediaSearchBot] [LOAD] MessageHandler("start_command") in group 0 from "plugins.start"
2025-08-16 15:09:00,053 - pyrogram.client - INFO - [MediaSearchBot] [LOAD] CallbackQueryHandler("check_subscription") in group 0 from "plugins.start"
2025-08-16 15:09:00,053 - pyrogram.client - INFO - [MediaSearchBot] [LOAD] CallbackQueryHandler("handle_callbacks") in group 0 from "plugins.start"
2025-08-16 15:09:00,053 - pyrogram.client - INFO - [MediaSearchBot] Successfully loaded 14 plugins from "plugins"
2025-08-16 15:09:00,053 - pyrogram.dispatcher - INFO - Started 12 HandlerTasks
2025-08-16 15:09:02,704 - database - INFO - Connected to MongoDB successfully
2025-08-16 15:09:02,952 - bot - INFO - Bot started as @dawoflimbot
2025-08-16 15:09:02,952 - __main__ - INFO - Bot started successfully!
2025-08-16 15:09:24,739 - root - INFO - Stop signal received (SIGTERM). Exiting...
2025-08-16 15:09:24,753 - __main__ - INFO - Bot stopped.
2025-08-16 15:09:30,104 - keep_alive - INFO - Keep-alive service started
2025-08-16 15:09:30,167 - keep_alive - INFO - Keep-alive server started on port 5000
2025-08-16 15:09:30,408 - pyrogram.connection.connection - INFO - Connecting...
2025-08-16 15:09:30,513 - pyrogram.connection.connection - INFO - Connected! Production DC4 - IPv4
2025-08-16 15:09:30,513 - pyrogram.session.session - INFO - NetworkTask started
2025-08-16 15:09:30,982 - pyrogram.session.session - INFO - Session initialized: Layer 158
2025-08-16 15:09:30,983 - pyrogram.session.session - INFO - Device: CPython 3.11.13 - Pyrogram 2.0.106
2025-08-16 15:09:30,983 - pyrogram.session.session - INFO - System: Linux 6.2.16 (en)
2025-08-16 15:09:30,983 - pyrogram.session.session - INFO - Session started
2025-08-16 15:09:30,984 - pyrogram.session.session - INFO - PingTask started
2025-08-16 15:09:31,259 - pyrogram.client - INFO - [MediaSearchBot] [LOAD] MessageHandler("stats_command") in group 0 from "plugins.admin"
2025-08-16 15:09:31,259 - pyrogram.client - INFO - [MediaSearchBot] [LOAD] MessageHandler("total_command") in group 0 from "plugins.admin"
2025-08-16 15:09:31,259 - pyrogram.client - INFO - [MediaSearchBot] [LOAD] MessageHandler("broadcast_command") in group 0 from "plugins.admin"
2025-08-16 15:09:31,260 - pyrogram.client - INFO - [MediaSearchBot] [LOAD] MessageHandler("ban_command") in group 0 from "plugins.admin"
2025-08-16 15:09:31,260 - pyrogram.client - INFO - [MediaSearchBot] [LOAD] MessageHandler("unban_command") in group 0 from "plugins.admin"
2025-08-16 15:09:31,260 - pyrogram.client - INFO - [MediaSearchBot] [LOAD] MessageHandler("logger_command") in group 0 from "plugins.admin"
2025-08-16 15:09:31,260 - pyrogram.client - INFO - [MediaSearchBot] [LOAD] MessageHandler("delete_command") in group 0 from "plugins.admin"
2025-08-16 15:09:31,260 - pyrogram.client - INFO - [MediaSearchBot] [LOAD] MessageHandler("index_media") in group 0 from "plugins.index"
2025-08-16 15:09:31,260 - pyrogram.client - INFO - [MediaSearchBot] [LOAD] MessageHandler("manual_index_command") in group 0 from "plugins.index"
2025-08-16 15:09:31,260 - pyrogram.client - INFO - [MediaSearchBot] [LOAD] EditedMessageHandler("handle_edited_media") in group 0 from "plugins.index"
2025-08-16 15:09:31,261 - pyrogram.client - INFO - [MediaSearchBot] [LOAD] InlineQueryHandler("inline_query_handler") in group 0 from "plugins.inline"
2025-08-16 15:09:31,262 - pyrogram.client - INFO - [MediaSearchBot] [LOAD] MessageHandler("start_command") in group 0 from "plugins.start"
2025-08-16 15:09:31,262 - pyrogram.client - INFO - [MediaSearchBot] [LOAD] CallbackQueryHandler("check_subscription") in group 0 from "plugins.start"
2025-08-16 15:09:31,262 - pyrogram.client - INFO - [MediaSearchBot] [LOAD] CallbackQueryHandler("handle_callbacks") in group 0 from "plugins.start"
2025-08-16 15:09:31,263 - pyrogram.client - INFO - [MediaSearchBot] Successfully loaded 14 plugins from "plugins"
2025-08-16 15:09:31,263 - pyrogram.dispatcher - INFO - Started 12 HandlerTasks
2025-08-16 15:09:34,037 - database - INFO - Connected to MongoDB successfully
2025-08-16 15:09:34,157 - bot - INFO - Bot started as @dawoflimbot
2025-08-16 15:09:34,157 - __main__ - INFO - Bot started successfully!
2025-08-16 15:09:42,691 - keep_alive - INFO - Keep-alive service started
2025-08-16 15:09:42,702 - keep_alive - ERROR - Error starting keep-alive server: [Errno 98] Address already in use
2025-08-16 15:09:43,699 - __main__ - ERROR - Error starting bot: database is locked
2025-08-16 15:09:43,699 - __main__ - INFO - Bot stopped.
2025-08-16 15:11:10,393 - pyrogram.dispatcher - ERROR - Telegram says: [400 WEBDOCUMENT_MIME_INVALID] - The web document mime type is invalid (caused by "messages.SetInlineBotResults")
Traceback (most recent call last):
  File "/home/runner/workspace/.pythonlibs/lib/python3.11/site-packages/pyrogram/dispatcher.py", line 240, in handler_worker
    await handler.callback(self.client, *args)
  File "/home/runner/workspace/plugins/inline.py", line 95, in inline_query_handler
    await query.answer(
  File "/home/runner/workspace/.pythonlibs/lib/python3.11/site-packages/pyrogram/types/inline_mode/inline_query.py", line 172, in answer
    return await self._client.answer_inline_query(
           ^^^^^^^^^^^^^^^^^^^^^^^^^^^^^^^^^^^^^^^
  File "/home/runner/workspace/.pythonlibs/lib/python3.11/site-packages/pyrogram/methods/bots/answer_inline_query.py", line 99, in answer_inline_query
    return await self.invoke(
           ^^^^^^^^^^^^^^^^^^
  File "/home/runner/workspace/.pythonlibs/lib/python3.11/site-packages/pyrogram/methods/advanced/invoke.py", line 79, in invoke
    r = await self.session.invoke(
        ^^^^^^^^^^^^^^^^^^^^^^^^^^
  File "/home/runner/workspace/.pythonlibs/lib/python3.11/site-packages/pyrogram/session/session.py", line 389, in invoke
    return await self.send(query, timeout=timeout)
           ^^^^^^^^^^^^^^^^^^^^^^^^^^^^^^^^^^^^^^^
  File "/home/runner/workspace/.pythonlibs/lib/python3.11/site-packages/pyrogram/session/session.py", line 357, in send
    RPCError.raise_it(result, type(data))
  File "/home/runner/workspace/.pythonlibs/lib/python3.11/site-packages/pyrogram/errors/rpc_error.py", line 91, in raise_it
    raise getattr(
pyrogram.errors.exceptions.bad_request_400.WebdocumentMimeInvalid: Telegram says: [400 WEBDOCUMENT_MIME_INVALID] - The web document mime type is invalid (caused by "messages.SetInlineBotResults")
2025-08-16 15:11:31,105 - plugins.inline - ERROR - Error handling inline query: Telegram says: [400 WEBDOCUMENT_MIME_INVALID] - The web document mime type is invalid (caused by "messages.SetInlineBotResults")
2025-08-16 15:11:31,324 - pyrogram.dispatcher - ERROR - Telegram says: [400 WEBDOCUMENT_MIME_INVALID] - The web document mime type is invalid (caused by "messages.SetInlineBotResults")
Traceback (most recent call last):
  File "/home/runner/workspace/plugins/inline.py", line 146, in inline_query_handler
    await query.answer(
  File "/home/runner/workspace/.pythonlibs/lib/python3.11/site-packages/pyrogram/types/inline_mode/inline_query.py", line 172, in answer
    return await self._client.answer_inline_query(
           ^^^^^^^^^^^^^^^^^^^^^^^^^^^^^^^^^^^^^^^
  File "/home/runner/workspace/.pythonlibs/lib/python3.11/site-packages/pyrogram/methods/bots/answer_inline_query.py", line 99, in answer_inline_query
    return await self.invoke(
           ^^^^^^^^^^^^^^^^^^
  File "/home/runner/workspace/.pythonlibs/lib/python3.11/site-packages/pyrogram/methods/advanced/invoke.py", line 79, in invoke
    r = await self.session.invoke(
        ^^^^^^^^^^^^^^^^^^^^^^^^^^
  File "/home/runner/workspace/.pythonlibs/lib/python3.11/site-packages/pyrogram/session/session.py", line 389, in invoke
    return await self.send(query, timeout=timeout)
           ^^^^^^^^^^^^^^^^^^^^^^^^^^^^^^^^^^^^^^^
  File "/home/runner/workspace/.pythonlibs/lib/python3.11/site-packages/pyrogram/session/session.py", line 357, in send
    RPCError.raise_it(result, type(data))
  File "/home/runner/workspace/.pythonlibs/lib/python3.11/site-packages/pyrogram/errors/rpc_error.py", line 91, in raise_it
    raise getattr(
pyrogram.errors.exceptions.bad_request_400.WebdocumentMimeInvalid: Telegram says: [400 WEBDOCUMENT_MIME_INVALID] - The web document mime type is invalid (caused by "messages.SetInlineBotResults")

During handling of the above exception, another exception occurred:

Traceback (most recent call last):
  File "/home/runner/workspace/.pythonlibs/lib/python3.11/site-packages/pyrogram/dispatcher.py", line 240, in handler_worker
    await handler.callback(self.client, *args)
  File "/home/runner/workspace/plugins/inline.py", line 174, in inline_query_handler
    await query.answer(
  File "/home/runner/workspace/.pythonlibs/lib/python3.11/site-packages/pyrogram/types/inline_mode/inline_query.py", line 172, in answer
    return await self._client.answer_inline_query(
           ^^^^^^^^^^^^^^^^^^^^^^^^^^^^^^^^^^^^^^^
  File "/home/runner/workspace/.pythonlibs/lib/python3.11/site-packages/pyrogram/methods/bots/answer_inline_query.py", line 99, in answer_inline_query
    return await self.invoke(
           ^^^^^^^^^^^^^^^^^^
  File "/home/runner/workspace/.pythonlibs/lib/python3.11/site-packages/pyrogram/methods/advanced/invoke.py", line 79, in invoke
    r = await self.session.invoke(
        ^^^^^^^^^^^^^^^^^^^^^^^^^^
  File "/home/runner/workspace/.pythonlibs/lib/python3.11/site-packages/pyrogram/session/session.py", line 389, in invoke
    return await self.send(query, timeout=timeout)
           ^^^^^^^^^^^^^^^^^^^^^^^^^^^^^^^^^^^^^^^
  File "/home/runner/workspace/.pythonlibs/lib/python3.11/site-packages/pyrogram/session/session.py", line 357, in send
    RPCError.raise_it(result, type(data))
  File "/home/runner/workspace/.pythonlibs/lib/python3.11/site-packages/pyrogram/errors/rpc_error.py", line 91, in raise_it
    raise getattr(
pyrogram.errors.exceptions.bad_request_400.WebdocumentMimeInvalid: Telegram says: [400 WEBDOCUMENT_MIME_INVALID] - The web document mime type is invalid (caused by "messages.SetInlineBotResults")
2025-08-16 15:11:32,325 - plugins.inline - ERROR - Error handling inline query: Telegram says: [400 WEBDOCUMENT_MIME_INVALID] - The web document mime type is invalid (caused by "messages.SetInlineBotResults")
2025-08-16 15:11:32,444 - pyrogram.dispatcher - ERROR - Telegram says: [400 WEBDOCUMENT_MIME_INVALID] - The web document mime type is invalid (caused by "messages.SetInlineBotResults")
Traceback (most recent call last):
  File "/home/runner/workspace/.pythonlibs/lib/python3.11/site-packages/pyrogram/dispatcher.py", line 240, in handler_worker
    await handler.callback(self.client, *args)
  File "/home/runner/workspace/plugins/inline.py", line 95, in inline_query_handler
    await query.answer(
  File "/home/runner/workspace/.pythonlibs/lib/python3.11/site-packages/pyrogram/types/inline_mode/inline_query.py", line 172, in answer
    return await self._client.answer_inline_query(
           ^^^^^^^^^^^^^^^^^^^^^^^^^^^^^^^^^^^^^^^
  File "/home/runner/workspace/.pythonlibs/lib/python3.11/site-packages/pyrogram/methods/bots/answer_inline_query.py", line 99, in answer_inline_query
    return await self.invoke(
           ^^^^^^^^^^^^^^^^^^
  File "/home/runner/workspace/.pythonlibs/lib/python3.11/site-packages/pyrogram/methods/advanced/invoke.py", line 79, in invoke
    r = await self.session.invoke(
        ^^^^^^^^^^^^^^^^^^^^^^^^^^
  File "/home/runner/workspace/.pythonlibs/lib/python3.11/site-packages/pyrogram/session/session.py", line 389, in invoke
    return await self.send(query, timeout=timeout)
           ^^^^^^^^^^^^^^^^^^^^^^^^^^^^^^^^^^^^^^^
  File "/home/runner/workspace/.pythonlibs/lib/python3.11/site-packages/pyrogram/session/session.py", line 357, in send
    RPCError.raise_it(result, type(data))
  File "/home/runner/workspace/.pythonlibs/lib/python3.11/site-packages/pyrogram/errors/rpc_error.py", line 91, in raise_it
    raise getattr(
pyrogram.errors.exceptions.bad_request_400.WebdocumentMimeInvalid: Telegram says: [400 WEBDOCUMENT_MIME_INVALID] - The web document mime type is invalid (caused by "messages.SetInlineBotResults")
2025-08-16 15:11:32,551 - pyrogram.dispatcher - ERROR - Telegram says: [400 WEBDOCUMENT_MIME_INVALID] - The web document mime type is invalid (caused by "messages.SetInlineBotResults")
Traceback (most recent call last):
  File "/home/runner/workspace/plugins/inline.py", line 146, in inline_query_handler
    await query.answer(
  File "/home/runner/workspace/.pythonlibs/lib/python3.11/site-packages/pyrogram/types/inline_mode/inline_query.py", line 172, in answer
    return await self._client.answer_inline_query(
           ^^^^^^^^^^^^^^^^^^^^^^^^^^^^^^^^^^^^^^^
  File "/home/runner/workspace/.pythonlibs/lib/python3.11/site-packages/pyrogram/methods/bots/answer_inline_query.py", line 99, in answer_inline_query
    return await self.invoke(
           ^^^^^^^^^^^^^^^^^^
  File "/home/runner/workspace/.pythonlibs/lib/python3.11/site-packages/pyrogram/methods/advanced/invoke.py", line 79, in invoke
    r = await self.session.invoke(
        ^^^^^^^^^^^^^^^^^^^^^^^^^^
  File "/home/runner/workspace/.pythonlibs/lib/python3.11/site-packages/pyrogram/session/session.py", line 389, in invoke
    return await self.send(query, timeout=timeout)
           ^^^^^^^^^^^^^^^^^^^^^^^^^^^^^^^^^^^^^^^
  File "/home/runner/workspace/.pythonlibs/lib/python3.11/site-packages/pyrogram/session/session.py", line 357, in send
    RPCError.raise_it(result, type(data))
  File "/home/runner/workspace/.pythonlibs/lib/python3.11/site-packages/pyrogram/errors/rpc_error.py", line 91, in raise_it
    raise getattr(
pyrogram.errors.exceptions.bad_request_400.WebdocumentMimeInvalid: Telegram says: [400 WEBDOCUMENT_MIME_INVALID] - The web document mime type is invalid (caused by "messages.SetInlineBotResults")

During handling of the above exception, another exception occurred:

Traceback (most recent call last):
  File "/home/runner/workspace/.pythonlibs/lib/python3.11/site-packages/pyrogram/dispatcher.py", line 240, in handler_worker
    await handler.callback(self.client, *args)
  File "/home/runner/workspace/plugins/inline.py", line 174, in inline_query_handler
    await query.answer(
  File "/home/runner/workspace/.pythonlibs/lib/python3.11/site-packages/pyrogram/types/inline_mode/inline_query.py", line 172, in answer
    return await self._client.answer_inline_query(
           ^^^^^^^^^^^^^^^^^^^^^^^^^^^^^^^^^^^^^^^
  File "/home/runner/workspace/.pythonlibs/lib/python3.11/site-packages/pyrogram/methods/bots/answer_inline_query.py", line 99, in answer_inline_query
    return await self.invoke(
           ^^^^^^^^^^^^^^^^^^
  File "/home/runner/workspace/.pythonlibs/lib/python3.11/site-packages/pyrogram/methods/advanced/invoke.py", line 79, in invoke
    r = await self.session.invoke(
        ^^^^^^^^^^^^^^^^^^^^^^^^^^
  File "/home/runner/workspace/.pythonlibs/lib/python3.11/site-packages/pyrogram/session/session.py", line 389, in invoke
    return await self.send(query, timeout=timeout)
           ^^^^^^^^^^^^^^^^^^^^^^^^^^^^^^^^^^^^^^^
  File "/home/runner/workspace/.pythonlibs/lib/python3.11/site-packages/pyrogram/session/session.py", line 357, in send
    RPCError.raise_it(result, type(data))
  File "/home/runner/workspace/.pythonlibs/lib/python3.11/site-packages/pyrogram/errors/rpc_error.py", line 91, in raise_it
    raise getattr(
pyrogram.errors.exceptions.bad_request_400.WebdocumentMimeInvalid: Telegram says: [400 WEBDOCUMENT_MIME_INVALID] - The web document mime type is invalid (caused by "messages.SetInlineBotResults")
2025-08-16 15:11:33,515 - plugins.inline - ERROR - Error handling inline query: Telegram says: [400 WEBDOCUMENT_MIME_INVALID] - The web document mime type is invalid (caused by "messages.SetInlineBotResults")
2025-08-16 15:11:33,657 - pyrogram.dispatcher - ERROR - Telegram says: [400 WEBDOCUMENT_MIME_INVALID] - The web document mime type is invalid (caused by "messages.SetInlineBotResults")
Traceback (most recent call last):
  File "/home/runner/workspace/plugins/inline.py", line 146, in inline_query_handler
    await query.answer(
  File "/home/runner/workspace/.pythonlibs/lib/python3.11/site-packages/pyrogram/types/inline_mode/inline_query.py", line 172, in answer
    return await self._client.answer_inline_query(
           ^^^^^^^^^^^^^^^^^^^^^^^^^^^^^^^^^^^^^^^
  File "/home/runner/workspace/.pythonlibs/lib/python3.11/site-packages/pyrogram/methods/bots/answer_inline_query.py", line 99, in answer_inline_query
    return await self.invoke(
           ^^^^^^^^^^^^^^^^^^
  File "/home/runner/workspace/.pythonlibs/lib/python3.11/site-packages/pyrogram/methods/advanced/invoke.py", line 79, in invoke
    r = await self.session.invoke(
        ^^^^^^^^^^^^^^^^^^^^^^^^^^
  File "/home/runner/workspace/.pythonlibs/lib/python3.11/site-packages/pyrogram/session/session.py", line 389, in invoke
    return await self.send(query, timeout=timeout)
           ^^^^^^^^^^^^^^^^^^^^^^^^^^^^^^^^^^^^^^^
  File "/home/runner/workspace/.pythonlibs/lib/python3.11/site-packages/pyrogram/session/session.py", line 357, in send
    RPCError.raise_it(result, type(data))
  File "/home/runner/workspace/.pythonlibs/lib/python3.11/site-packages/pyrogram/errors/rpc_error.py", line 91, in raise_it
    raise getattr(
pyrogram.errors.exceptions.bad_request_400.WebdocumentMimeInvalid: Telegram says: [400 WEBDOCUMENT_MIME_INVALID] - The web document mime type is invalid (caused by "messages.SetInlineBotResults")

During handling of the above exception, another exception occurred:

Traceback (most recent call last):
  File "/home/runner/workspace/.pythonlibs/lib/python3.11/site-packages/pyrogram/dispatcher.py", line 240, in handler_worker
    await handler.callback(self.client, *args)
  File "/home/runner/workspace/plugins/inline.py", line 174, in inline_query_handler
    await query.answer(
  File "/home/runner/workspace/.pythonlibs/lib/python3.11/site-packages/pyrogram/types/inline_mode/inline_query.py", line 172, in answer
    return await self._client.answer_inline_query(
           ^^^^^^^^^^^^^^^^^^^^^^^^^^^^^^^^^^^^^^^
  File "/home/runner/workspace/.pythonlibs/lib/python3.11/site-packages/pyrogram/methods/bots/answer_inline_query.py", line 99, in answer_inline_query
    return await self.invoke(
           ^^^^^^^^^^^^^^^^^^
  File "/home/runner/workspace/.pythonlibs/lib/python3.11/site-packages/pyrogram/methods/advanced/invoke.py", line 79, in invoke
    r = await self.session.invoke(
        ^^^^^^^^^^^^^^^^^^^^^^^^^^
  File "/home/runner/workspace/.pythonlibs/lib/python3.11/site-packages/pyrogram/session/session.py", line 389, in invoke
    return await self.send(query, timeout=timeout)
           ^^^^^^^^^^^^^^^^^^^^^^^^^^^^^^^^^^^^^^^
  File "/home/runner/workspace/.pythonlibs/lib/python3.11/site-packages/pyrogram/session/session.py", line 357, in send
    RPCError.raise_it(result, type(data))
  File "/home/runner/workspace/.pythonlibs/lib/python3.11/site-packages/pyrogram/errors/rpc_error.py", line 91, in raise_it
    raise getattr(
pyrogram.errors.exceptions.bad_request_400.WebdocumentMimeInvalid: Telegram says: [400 WEBDOCUMENT_MIME_INVALID] - The web document mime type is invalid (caused by "messages.SetInlineBotResults")
2025-08-16 15:11:34,551 - plugins.inline - ERROR - Error handling inline query: Telegram says: [400 WEBDOCUMENT_MIME_INVALID] - The web document mime type is invalid (caused by "messages.SetInlineBotResults")
2025-08-16 15:11:34,659 - pyrogram.dispatcher - ERROR - Telegram says: [400 WEBDOCUMENT_MIME_INVALID] - The web document mime type is invalid (caused by "messages.SetInlineBotResults")
Traceback (most recent call last):
  File "/home/runner/workspace/plugins/inline.py", line 146, in inline_query_handler
    await query.answer(
  File "/home/runner/workspace/.pythonlibs/lib/python3.11/site-packages/pyrogram/types/inline_mode/inline_query.py", line 172, in answer
    return await self._client.answer_inline_query(
           ^^^^^^^^^^^^^^^^^^^^^^^^^^^^^^^^^^^^^^^
  File "/home/runner/workspace/.pythonlibs/lib/python3.11/site-packages/pyrogram/methods/bots/answer_inline_query.py", line 99, in answer_inline_query
    return await self.invoke(
           ^^^^^^^^^^^^^^^^^^
  File "/home/runner/workspace/.pythonlibs/lib/python3.11/site-packages/pyrogram/methods/advanced/invoke.py", line 79, in invoke
    r = await self.session.invoke(
        ^^^^^^^^^^^^^^^^^^^^^^^^^^
  File "/home/runner/workspace/.pythonlibs/lib/python3.11/site-packages/pyrogram/session/session.py", line 389, in invoke
    return await self.send(query, timeout=timeout)
           ^^^^^^^^^^^^^^^^^^^^^^^^^^^^^^^^^^^^^^^
  File "/home/runner/workspace/.pythonlibs/lib/python3.11/site-packages/pyrogram/session/session.py", line 357, in send
    RPCError.raise_it(result, type(data))
  File "/home/runner/workspace/.pythonlibs/lib/python3.11/site-packages/pyrogram/errors/rpc_error.py", line 91, in raise_it
    raise getattr(
pyrogram.errors.exceptions.bad_request_400.WebdocumentMimeInvalid: Telegram says: [400 WEBDOCUMENT_MIME_INVALID] - The web document mime type is invalid (caused by "messages.SetInlineBotResults")

During handling of the above exception, another exception occurred:

Traceback (most recent call last):
  File "/home/runner/workspace/.pythonlibs/lib/python3.11/site-packages/pyrogram/dispatcher.py", line 240, in handler_worker
    await handler.callback(self.client, *args)
  File "/home/runner/workspace/plugins/inline.py", line 174, in inline_query_handler
    await query.answer(
  File "/home/runner/workspace/.pythonlibs/lib/python3.11/site-packages/pyrogram/types/inline_mode/inline_query.py", line 172, in answer
    return await self._client.answer_inline_query(
           ^^^^^^^^^^^^^^^^^^^^^^^^^^^^^^^^^^^^^^^
  File "/home/runner/workspace/.pythonlibs/lib/python3.11/site-packages/pyrogram/methods/bots/answer_inline_query.py", line 99, in answer_inline_query
    return await self.invoke(
           ^^^^^^^^^^^^^^^^^^
  File "/home/runner/workspace/.pythonlibs/lib/python3.11/site-packages/pyrogram/methods/advanced/invoke.py", line 79, in invoke
    r = await self.session.invoke(
        ^^^^^^^^^^^^^^^^^^^^^^^^^^
  File "/home/runner/workspace/.pythonlibs/lib/python3.11/site-packages/pyrogram/session/session.py", line 389, in invoke
    return await self.send(query, timeout=timeout)
           ^^^^^^^^^^^^^^^^^^^^^^^^^^^^^^^^^^^^^^^
  File "/home/runner/workspace/.pythonlibs/lib/python3.11/site-packages/pyrogram/session/session.py", line 357, in send
    RPCError.raise_it(result, type(data))
  File "/home/runner/workspace/.pythonlibs/lib/python3.11/site-packages/pyrogram/errors/rpc_error.py", line 91, in raise_it
    raise getattr(
pyrogram.errors.exceptions.bad_request_400.WebdocumentMimeInvalid: Telegram says: [400 WEBDOCUMENT_MIME_INVALID] - The web document mime type is invalid (caused by "messages.SetInlineBotResults")
2025-08-16 15:11:42,753 - pyrogram.dispatcher - ERROR - Telegram says: [400 WEBDOCUMENT_MIME_INVALID] - The web document mime type is invalid (caused by "messages.SetInlineBotResults")
Traceback (most recent call last):
  File "/home/runner/workspace/.pythonlibs/lib/python3.11/site-packages/pyrogram/dispatcher.py", line 240, in handler_worker
    await handler.callback(self.client, *args)
  File "/home/runner/workspace/plugins/inline.py", line 95, in inline_query_handler
    await query.answer(
  File "/home/runner/workspace/.pythonlibs/lib/python3.11/site-packages/pyrogram/types/inline_mode/inline_query.py", line 172, in answer
    return await self._client.answer_inline_query(
           ^^^^^^^^^^^^^^^^^^^^^^^^^^^^^^^^^^^^^^^
  File "/home/runner/workspace/.pythonlibs/lib/python3.11/site-packages/pyrogram/methods/bots/answer_inline_query.py", line 99, in answer_inline_query
    return await self.invoke(
           ^^^^^^^^^^^^^^^^^^
  File "/home/runner/workspace/.pythonlibs/lib/python3.11/site-packages/pyrogram/methods/advanced/invoke.py", line 79, in invoke
    r = await self.session.invoke(
        ^^^^^^^^^^^^^^^^^^^^^^^^^^
  File "/home/runner/workspace/.pythonlibs/lib/python3.11/site-packages/pyrogram/session/session.py", line 389, in invoke
    return await self.send(query, timeout=timeout)
           ^^^^^^^^^^^^^^^^^^^^^^^^^^^^^^^^^^^^^^^
  File "/home/runner/workspace/.pythonlibs/lib/python3.11/site-packages/pyrogram/session/session.py", line 357, in send
    RPCError.raise_it(result, type(data))
  File "/home/runner/workspace/.pythonlibs/lib/python3.11/site-packages/pyrogram/errors/rpc_error.py", line 91, in raise_it
    raise getattr(
pyrogram.errors.exceptions.bad_request_400.WebdocumentMimeInvalid: Telegram says: [400 WEBDOCUMENT_MIME_INVALID] - The web document mime type is invalid (caused by "messages.SetInlineBotResults")
2025-08-16 15:12:06,407 - plugins.index - INFO - Indexed video: Game Changer (2024) CAAWIYE-1.mp4 from TV
2025-08-16 15:12:28,061 - plugins.index - INFO - Indexed video: Paper boy.Mp4 from TV
2025-08-16 15:12:39,287 - pyrogram.dispatcher - ERROR - Telegram says: [400 WEBDOCUMENT_MIME_INVALID] - The web document mime type is invalid (caused by "messages.SetInlineBotResults")
Traceback (most recent call last):
  File "/home/runner/workspace/.pythonlibs/lib/python3.11/site-packages/pyrogram/dispatcher.py", line 240, in handler_worker
    await handler.callback(self.client, *args)
  File "/home/runner/workspace/plugins/inline.py", line 95, in inline_query_handler
    await query.answer(
  File "/home/runner/workspace/.pythonlibs/lib/python3.11/site-packages/pyrogram/types/inline_mode/inline_query.py", line 172, in answer
    return await self._client.answer_inline_query(
           ^^^^^^^^^^^^^^^^^^^^^^^^^^^^^^^^^^^^^^^
  File "/home/runner/workspace/.pythonlibs/lib/python3.11/site-packages/pyrogram/methods/bots/answer_inline_query.py", line 99, in answer_inline_query
    return await self.invoke(
           ^^^^^^^^^^^^^^^^^^
  File "/home/runner/workspace/.pythonlibs/lib/python3.11/site-packages/pyrogram/methods/advanced/invoke.py", line 79, in invoke
    r = await self.session.invoke(
        ^^^^^^^^^^^^^^^^^^^^^^^^^^
  File "/home/runner/workspace/.pythonlibs/lib/python3.11/site-packages/pyrogram/session/session.py", line 389, in invoke
    return await self.send(query, timeout=timeout)
           ^^^^^^^^^^^^^^^^^^^^^^^^^^^^^^^^^^^^^^^
  File "/home/runner/workspace/.pythonlibs/lib/python3.11/site-packages/pyrogram/session/session.py", line 357, in send
    RPCError.raise_it(result, type(data))
  File "/home/runner/workspace/.pythonlibs/lib/python3.11/site-packages/pyrogram/errors/rpc_error.py", line 91, in raise_it
    raise getattr(
pyrogram.errors.exceptions.bad_request_400.WebdocumentMimeInvalid: Telegram says: [400 WEBDOCUMENT_MIME_INVALID] - The web document mime type is invalid (caused by "messages.SetInlineBotResults")
2025-08-16 15:12:42,828 - plugins.inline - ERROR - Error creating inline result for video: InlineQueryResultVideo.__init__() got an unexpected keyword argument 'video_file_id'
2025-08-16 15:12:46,238 - plugins.inline - ERROR - Error creating inline result for video: InlineQueryResultVideo.__init__() got an unexpected keyword argument 'video_file_id'
2025-08-16 15:12:46,239 - plugins.inline - ERROR - Error creating inline result for video: InlineQueryResultVideo.__init__() got an unexpected keyword argument 'video_file_id'
2025-08-16 15:12:46,389 - pyrogram.dispatcher - ERROR - Telegram says: [400 WEBDOCUMENT_MIME_INVALID] - The web document mime type is invalid (caused by "messages.SetInlineBotResults")
Traceback (most recent call last):
  File "/home/runner/workspace/.pythonlibs/lib/python3.11/site-packages/pyrogram/dispatcher.py", line 240, in handler_worker
    await handler.callback(self.client, *args)
  File "/home/runner/workspace/plugins/inline.py", line 95, in inline_query_handler
    await query.answer(
  File "/home/runner/workspace/.pythonlibs/lib/python3.11/site-packages/pyrogram/types/inline_mode/inline_query.py", line 172, in answer
    return await self._client.answer_inline_query(
           ^^^^^^^^^^^^^^^^^^^^^^^^^^^^^^^^^^^^^^^
  File "/home/runner/workspace/.pythonlibs/lib/python3.11/site-packages/pyrogram/methods/bots/answer_inline_query.py", line 99, in answer_inline_query
    return await self.invoke(
           ^^^^^^^^^^^^^^^^^^
  File "/home/runner/workspace/.pythonlibs/lib/python3.11/site-packages/pyrogram/methods/advanced/invoke.py", line 79, in invoke
    r = await self.session.invoke(
        ^^^^^^^^^^^^^^^^^^^^^^^^^^
  File "/home/runner/workspace/.pythonlibs/lib/python3.11/site-packages/pyrogram/session/session.py", line 389, in invoke
    return await self.send(query, timeout=timeout)
           ^^^^^^^^^^^^^^^^^^^^^^^^^^^^^^^^^^^^^^^
  File "/home/runner/workspace/.pythonlibs/lib/python3.11/site-packages/pyrogram/session/session.py", line 357, in send
    RPCError.raise_it(result, type(data))
  File "/home/runner/workspace/.pythonlibs/lib/python3.11/site-packages/pyrogram/errors/rpc_error.py", line 91, in raise_it
    raise getattr(
pyrogram.errors.exceptions.bad_request_400.WebdocumentMimeInvalid: Telegram says: [400 WEBDOCUMENT_MIME_INVALID] - The web document mime type is invalid (caused by "messages.SetInlineBotResults")
2025-08-16 15:12:53,858 - pyrogram.dispatcher - ERROR - Telegram says: [400 WEBDOCUMENT_MIME_INVALID] - The web document mime type is invalid (caused by "messages.SetInlineBotResults")
Traceback (most recent call last):
  File "/home/runner/workspace/.pythonlibs/lib/python3.11/site-packages/pyrogram/dispatcher.py", line 240, in handler_worker
    await handler.callback(self.client, *args)
  File "/home/runner/workspace/plugins/inline.py", line 95, in inline_query_handler
    await query.answer(
  File "/home/runner/workspace/.pythonlibs/lib/python3.11/site-packages/pyrogram/types/inline_mode/inline_query.py", line 172, in answer
    return await self._client.answer_inline_query(
           ^^^^^^^^^^^^^^^^^^^^^^^^^^^^^^^^^^^^^^^
  File "/home/runner/workspace/.pythonlibs/lib/python3.11/site-packages/pyrogram/methods/bots/answer_inline_query.py", line 99, in answer_inline_query
    return await self.invoke(
           ^^^^^^^^^^^^^^^^^^
  File "/home/runner/workspace/.pythonlibs/lib/python3.11/site-packages/pyrogram/methods/advanced/invoke.py", line 79, in invoke
    r = await self.session.invoke(
        ^^^^^^^^^^^^^^^^^^^^^^^^^^
  File "/home/runner/workspace/.pythonlibs/lib/python3.11/site-packages/pyrogram/session/session.py", line 389, in invoke
    return await self.send(query, timeout=timeout)
           ^^^^^^^^^^^^^^^^^^^^^^^^^^^^^^^^^^^^^^^
  File "/home/runner/workspace/.pythonlibs/lib/python3.11/site-packages/pyrogram/session/session.py", line 357, in send
    RPCError.raise_it(result, type(data))
  File "/home/runner/workspace/.pythonlibs/lib/python3.11/site-packages/pyrogram/errors/rpc_error.py", line 91, in raise_it
    raise getattr(
pyrogram.errors.exceptions.bad_request_400.WebdocumentMimeInvalid: Telegram says: [400 WEBDOCUMENT_MIME_INVALID] - The web document mime type is invalid (caused by "messages.SetInlineBotResults")
2025-08-16 15:18:14,271 - keep_alive - INFO - Keep-alive service started
2025-08-16 15:18:14,292 - keep_alive - INFO - Keep-alive server started on port 5000
2025-08-16 15:18:14,614 - pyrogram.connection.connection - INFO - Connecting...
2025-08-16 15:18:14,718 - pyrogram.connection.connection - INFO - Connected! Production DC4 - IPv4
2025-08-16 15:18:14,719 - pyrogram.session.session - INFO - NetworkTask started
2025-08-16 15:18:15,185 - pyrogram.session.session - INFO - Session initialized: Layer 158
2025-08-16 15:18:15,186 - pyrogram.session.session - INFO - Device: CPython 3.11.13 - Pyrogram 2.0.106
2025-08-16 15:18:15,186 - pyrogram.session.session - INFO - System: Linux 6.2.16 (en)
2025-08-16 15:18:15,186 - pyrogram.session.session - INFO - Session started
2025-08-16 15:18:15,187 - pyrogram.session.session - INFO - PingTask started
2025-08-16 15:18:15,444 - pyrogram.client - INFO - [MediaSearchBot] [LOAD] MessageHandler("stats_command") in group 0 from "plugins.admin"
2025-08-16 15:18:15,444 - pyrogram.client - INFO - [MediaSearchBot] [LOAD] MessageHandler("total_command") in group 0 from "plugins.admin"
2025-08-16 15:18:15,445 - pyrogram.client - INFO - [MediaSearchBot] [LOAD] MessageHandler("broadcast_command") in group 0 from "plugins.admin"
2025-08-16 15:18:15,445 - pyrogram.client - INFO - [MediaSearchBot] [LOAD] MessageHandler("ban_command") in group 0 from "plugins.admin"
2025-08-16 15:18:15,445 - pyrogram.client - INFO - [MediaSearchBot] [LOAD] MessageHandler("unban_command") in group 0 from "plugins.admin"
2025-08-16 15:18:15,445 - pyrogram.client - INFO - [MediaSearchBot] [LOAD] MessageHandler("logger_command") in group 0 from "plugins.admin"
2025-08-16 15:18:15,445 - pyrogram.client - INFO - [MediaSearchBot] [LOAD] MessageHandler("delete_command") in group 0 from "plugins.admin"
2025-08-16 15:18:15,447 - pyrogram.client - INFO - [MediaSearchBot] [LOAD] MessageHandler("index_media") in group 0 from "plugins.index"
2025-08-16 15:18:15,447 - pyrogram.client - INFO - [MediaSearchBot] [LOAD] MessageHandler("manual_index_command") in group 0 from "plugins.index"
2025-08-16 15:18:15,447 - pyrogram.client - INFO - [MediaSearchBot] [LOAD] EditedMessageHandler("handle_edited_media") in group 0 from "plugins.index"
2025-08-16 15:18:15,448 - pyrogram.client - INFO - [MediaSearchBot] [LOAD] InlineQueryHandler("inline_query_handler") in group 0 from "plugins.inline"
2025-08-16 15:18:15,449 - pyrogram.client - INFO - [MediaSearchBot] [LOAD] MessageHandler("start_command") in group 0 from "plugins.start"
2025-08-16 15:18:15,449 - pyrogram.client - INFO - [MediaSearchBot] [LOAD] CallbackQueryHandler("check_subscription") in group 0 from "plugins.start"
2025-08-16 15:18:15,449 - pyrogram.client - INFO - [MediaSearchBot] [LOAD] CallbackQueryHandler("handle_callbacks") in group 0 from "plugins.start"
2025-08-16 15:18:15,450 - pyrogram.client - INFO - [MediaSearchBot] Successfully loaded 14 plugins from "plugins"
2025-08-16 15:18:15,450 - pyrogram.dispatcher - INFO - Started 12 HandlerTasks
2025-08-16 15:18:18,247 - database - INFO - Connected to MongoDB successfully
2025-08-16 15:18:18,481 - bot - INFO - Bot started as @dawoflimbot
2025-08-16 15:18:18,481 - __main__ - INFO - Bot started successfully!
2025-08-16 15:19:26,513 - root - INFO - Stop signal received (SIGTERM). Exiting...
2025-08-16 15:19:31,093 - keep_alive - INFO - Keep-alive service started
2025-08-16 15:19:31,150 - keep_alive - INFO - Keep-alive server started on port 5000
2025-08-16 15:19:31,333 - pyrogram.connection.connection - INFO - Connecting...
2025-08-16 15:19:31,436 - pyrogram.connection.connection - INFO - Connected! Production DC4 - IPv4
2025-08-16 15:19:31,437 - pyrogram.session.session - INFO - NetworkTask started
2025-08-16 15:19:31,932 - pyrogram.session.session - INFO - Session initialized: Layer 158
2025-08-16 15:19:31,932 - pyrogram.session.session - INFO - Device: CPython 3.11.13 - Pyrogram 2.0.106
2025-08-16 15:19:31,932 - pyrogram.session.session - INFO - System: Linux 6.2.16 (en)
2025-08-16 15:19:31,933 - pyrogram.session.session - INFO - Session started
2025-08-16 15:19:31,935 - pyrogram.session.session - INFO - PingTask started
2025-08-16 15:19:32,167 - pyrogram.client - INFO - [MediaSearchBot] [LOAD] MessageHandler("stats_command") in group 0 from "plugins.admin"
2025-08-16 15:19:32,167 - pyrogram.client - INFO - [MediaSearchBot] [LOAD] MessageHandler("total_command") in group 0 from "plugins.admin"
2025-08-16 15:19:32,168 - pyrogram.client - INFO - [MediaSearchBot] [LOAD] MessageHandler("broadcast_command") in group 0 from "plugins.admin"
2025-08-16 15:19:32,168 - pyrogram.client - INFO - [MediaSearchBot] [LOAD] MessageHandler("ban_command") in group 0 from "plugins.admin"
2025-08-16 15:19:32,168 - pyrogram.client - INFO - [MediaSearchBot] [LOAD] MessageHandler("unban_command") in group 0 from "plugins.admin"
2025-08-16 15:19:32,168 - pyrogram.client - INFO - [MediaSearchBot] [LOAD] MessageHandler("logger_command") in group 0 from "plugins.admin"
2025-08-16 15:19:32,168 - pyrogram.client - INFO - [MediaSearchBot] [LOAD] MessageHandler("delete_command") in group 0 from "plugins.admin"
2025-08-16 15:19:32,168 - pyrogram.client - INFO - [MediaSearchBot] [LOAD] MessageHandler("index_media") in group 0 from "plugins.index"
2025-08-16 15:19:32,169 - pyrogram.client - INFO - [MediaSearchBot] [LOAD] MessageHandler("manual_index_command") in group 0 from "plugins.index"
2025-08-16 15:19:32,169 - pyrogram.client - INFO - [MediaSearchBot] [LOAD] EditedMessageHandler("handle_edited_media") in group 0 from "plugins.index"
2025-08-16 15:19:32,172 - pyrogram.client - INFO - [MediaSearchBot] [LOAD] InlineQueryHandler("inline_query_handler") in group 0 from "plugins.inline"
2025-08-16 15:19:32,173 - pyrogram.client - INFO - [MediaSearchBot] [LOAD] MessageHandler("start_command") in group 0 from "plugins.start"
2025-08-16 15:19:32,173 - pyrogram.client - INFO - [MediaSearchBot] [LOAD] CallbackQueryHandler("check_subscription") in group 0 from "plugins.start"
2025-08-16 15:19:32,173 - pyrogram.client - INFO - [MediaSearchBot] [LOAD] CallbackQueryHandler("handle_callbacks") in group 0 from "plugins.start"
2025-08-16 15:19:32,173 - pyrogram.client - INFO - [MediaSearchBot] Successfully loaded 14 plugins from "plugins"
2025-08-16 15:19:32,173 - pyrogram.dispatcher - INFO - Started 12 HandlerTasks
2025-08-16 15:19:34,790 - database - INFO - Connected to MongoDB successfully
2025-08-16 15:19:34,907 - bot - INFO - Bot started as @dawoflimbot
2025-08-16 15:19:34,907 - __main__ - INFO - Bot started successfully!
2025-08-16 15:21:45,822 - keep_alive - INFO - Keep-alive service started
2025-08-16 15:21:45,840 - keep_alive - INFO - Keep-alive server started on port 5000
2025-08-16 15:21:46,162 - pyrogram.connection.connection - INFO - Connecting...
2025-08-16 15:21:46,266 - pyrogram.connection.connection - INFO - Connected! Production DC4 - IPv4
2025-08-16 15:21:46,267 - pyrogram.session.session - INFO - NetworkTask started
2025-08-16 15:21:46,738 - pyrogram.session.session - INFO - Session initialized: Layer 158
2025-08-16 15:21:46,738 - pyrogram.session.session - INFO - Device: CPython 3.11.13 - Pyrogram 2.0.106
2025-08-16 15:21:46,738 - pyrogram.session.session - INFO - System: Linux 6.2.16 (en)
2025-08-16 15:21:46,738 - pyrogram.session.session - INFO - Session started
2025-08-16 15:21:46,741 - pyrogram.session.session - INFO - PingTask started
2025-08-16 15:21:46,983 - pyrogram.client - INFO - [MediaSearchBot] [LOAD] MessageHandler("stats_command") in group 0 from "plugins.admin"
2025-08-16 15:21:46,983 - pyrogram.client - INFO - [MediaSearchBot] [LOAD] MessageHandler("total_command") in group 0 from "plugins.admin"
2025-08-16 15:21:46,983 - pyrogram.client - INFO - [MediaSearchBot] [LOAD] MessageHandler("broadcast_command") in group 0 from "plugins.admin"
2025-08-16 15:21:46,983 - pyrogram.client - INFO - [MediaSearchBot] [LOAD] MessageHandler("ban_command") in group 0 from "plugins.admin"
2025-08-16 15:21:46,983 - pyrogram.client - INFO - [MediaSearchBot] [LOAD] MessageHandler("unban_command") in group 0 from "plugins.admin"
2025-08-16 15:21:46,983 - pyrogram.client - INFO - [MediaSearchBot] [LOAD] MessageHandler("logger_command") in group 0 from "plugins.admin"
2025-08-16 15:21:46,984 - pyrogram.client - INFO - [MediaSearchBot] [LOAD] MessageHandler("delete_command") in group 0 from "plugins.admin"
2025-08-16 15:21:46,985 - pyrogram.client - INFO - [MediaSearchBot] [LOAD] MessageHandler("index_media") in group 0 from "plugins.index"
2025-08-16 15:21:46,985 - pyrogram.client - INFO - [MediaSearchBot] [LOAD] MessageHandler("manual_index_command") in group 0 from "plugins.index"
2025-08-16 15:21:46,985 - pyrogram.client - INFO - [MediaSearchBot] [LOAD] EditedMessageHandler("handle_edited_media") in group 0 from "plugins.index"
2025-08-16 15:21:46,986 - pyrogram.client - INFO - [MediaSearchBot] [LOAD] InlineQueryHandler("inline_query_handler") in group 0 from "plugins.inline"
2025-08-16 15:21:46,987 - pyrogram.client - INFO - [MediaSearchBot] [LOAD] MessageHandler("start_command") in group 0 from "plugins.start"
2025-08-16 15:21:46,989 - pyrogram.client - INFO - [MediaSearchBot] [LOAD] CallbackQueryHandler("check_subscription") in group 0 from "plugins.start"
2025-08-16 15:21:46,989 - pyrogram.client - INFO - [MediaSearchBot] [LOAD] CallbackQueryHandler("handle_callbacks") in group 0 from "plugins.start"
2025-08-16 15:21:46,989 - pyrogram.client - INFO - [MediaSearchBot] Successfully loaded 14 plugins from "plugins"
2025-08-16 15:21:46,989 - pyrogram.dispatcher - INFO - Started 12 HandlerTasks
2025-08-16 15:21:49,736 - database - INFO - Connected to MongoDB successfully
2025-08-16 15:21:49,874 - bot - INFO - Bot started as @dawoflimbot
2025-08-16 15:21:49,874 - __main__ - INFO - Bot started successfully!
2025-08-16 15:21:58,778 - plugins.inline - ERROR - Error creating inline result for video: InlineQueryResultVideo.__init__() got an unexpected keyword argument 'video_file_id'
2025-08-16 15:21:58,779 - plugins.inline - ERROR - Error creating inline result for video: InlineQueryResultVideo.__init__() got an unexpected keyword argument 'video_file_id'
2025-08-16 15:22:01,307 - plugins.inline - INFO - Searching for: 'paper' with filter: None
2025-08-16 15:22:01,505 - plugins.inline - INFO - Found 1 results
2025-08-16 15:22:01,506 - plugins.inline - ERROR - Error creating inline result for video: InlineQueryResultVideo.__init__() got an unexpected keyword argument 'video_file_id'
2025-08-16 15:23:37,009 - plugins.inline - INFO - Searching for: 'bx' with filter: None
2025-08-16 15:23:37,207 - plugins.inline - INFO - Found 0 results
2025-08-16 15:23:37,322 - plugins.inline - ERROR - Error handling inline query: Telegram says: [400 WEBDOCUMENT_MIME_INVALID] - The web document mime type is invalid (caused by "messages.SetInlineBotResults")
2025-08-16 15:23:37,432 - pyrogram.dispatcher - ERROR - Telegram says: [400 WEBDOCUMENT_MIME_INVALID] - The web document mime type is invalid (caused by "messages.SetInlineBotResults")
Traceback (most recent call last):
  File "/home/runner/workspace/plugins/inline.py", line 196, in inline_query_handler
    await query.answer(
  File "/home/runner/workspace/.pythonlibs/lib/python3.11/site-packages/pyrogram/types/inline_mode/inline_query.py", line 172, in answer
    return await self._client.answer_inline_query(
           ^^^^^^^^^^^^^^^^^^^^^^^^^^^^^^^^^^^^^^^
  File "/home/runner/workspace/.pythonlibs/lib/python3.11/site-packages/pyrogram/methods/bots/answer_inline_query.py", line 99, in answer_inline_query
    return await self.invoke(
           ^^^^^^^^^^^^^^^^^^
  File "/home/runner/workspace/.pythonlibs/lib/python3.11/site-packages/pyrogram/methods/advanced/invoke.py", line 79, in invoke
    r = await self.session.invoke(
        ^^^^^^^^^^^^^^^^^^^^^^^^^^
  File "/home/runner/workspace/.pythonlibs/lib/python3.11/site-packages/pyrogram/session/session.py", line 389, in invoke
    return await self.send(query, timeout=timeout)
           ^^^^^^^^^^^^^^^^^^^^^^^^^^^^^^^^^^^^^^^
  File "/home/runner/workspace/.pythonlibs/lib/python3.11/site-packages/pyrogram/session/session.py", line 357, in send
    RPCError.raise_it(result, type(data))
  File "/home/runner/workspace/.pythonlibs/lib/python3.11/site-packages/pyrogram/errors/rpc_error.py", line 91, in raise_it
    raise getattr(
pyrogram.errors.exceptions.bad_request_400.WebdocumentMimeInvalid: Telegram says: [400 WEBDOCUMENT_MIME_INVALID] - The web document mime type is invalid (caused by "messages.SetInlineBotResults")

During handling of the above exception, another exception occurred:

Traceback (most recent call last):
  File "/home/runner/workspace/.pythonlibs/lib/python3.11/site-packages/pyrogram/dispatcher.py", line 240, in handler_worker
    await handler.callback(self.client, *args)
  File "/home/runner/workspace/plugins/inline.py", line 224, in inline_query_handler
    await query.answer(
  File "/home/runner/workspace/.pythonlibs/lib/python3.11/site-packages/pyrogram/types/inline_mode/inline_query.py", line 172, in answer
    return await self._client.answer_inline_query(
           ^^^^^^^^^^^^^^^^^^^^^^^^^^^^^^^^^^^^^^^
  File "/home/runner/workspace/.pythonlibs/lib/python3.11/site-packages/pyrogram/methods/bots/answer_inline_query.py", line 99, in answer_inline_query
    return await self.invoke(
           ^^^^^^^^^^^^^^^^^^
  File "/home/runner/workspace/.pythonlibs/lib/python3.11/site-packages/pyrogram/methods/advanced/invoke.py", line 79, in invoke
    r = await self.session.invoke(
        ^^^^^^^^^^^^^^^^^^^^^^^^^^
  File "/home/runner/workspace/.pythonlibs/lib/python3.11/site-packages/pyrogram/session/session.py", line 389, in invoke
    return await self.send(query, timeout=timeout)
           ^^^^^^^^^^^^^^^^^^^^^^^^^^^^^^^^^^^^^^^
  File "/home/runner/workspace/.pythonlibs/lib/python3.11/site-packages/pyrogram/session/session.py", line 357, in send
    RPCError.raise_it(result, type(data))
  File "/home/runner/workspace/.pythonlibs/lib/python3.11/site-packages/pyrogram/errors/rpc_error.py", line 91, in raise_it
    raise getattr(
pyrogram.errors.exceptions.bad_request_400.WebdocumentMimeInvalid: Telegram says: [400 WEBDOCUMENT_MIME_INVALID] - The web document mime type is invalid (caused by "messages.SetInlineBotResults")
2025-08-16 15:26:40,495 - root - INFO - Stop signal received (SIGTERM). Exiting...
2025-08-16 15:26:42,086 - __main__ - INFO - Bot stopped.
2025-08-16 15:26:45,076 - keep_alive - INFO - Keep-alive service started
2025-08-16 15:26:45,096 - keep_alive - INFO - Keep-alive server started on port 5000
2025-08-16 15:26:45,387 - pyrogram.connection.connection - INFO - Connecting...
2025-08-16 15:26:45,492 - pyrogram.connection.connection - INFO - Connected! Production DC4 - IPv4
2025-08-16 15:26:45,492 - pyrogram.session.session - INFO - NetworkTask started
2025-08-16 15:26:45,955 - pyrogram.session.session - INFO - Session initialized: Layer 158
2025-08-16 15:26:45,955 - pyrogram.session.session - INFO - Device: CPython 3.11.13 - Pyrogram 2.0.106
2025-08-16 15:26:45,955 - pyrogram.session.session - INFO - System: Linux 6.2.16 (en)
2025-08-16 15:26:45,955 - pyrogram.session.session - INFO - Session started
2025-08-16 15:26:45,957 - pyrogram.session.session - INFO - PingTask started
2025-08-16 15:26:46,308 - pyrogram.client - INFO - [MediaSearchBot] [LOAD] MessageHandler("stats_command") in group 0 from "plugins.admin"
2025-08-16 15:26:46,309 - pyrogram.client - INFO - [MediaSearchBot] [LOAD] MessageHandler("total_command") in group 0 from "plugins.admin"
2025-08-16 15:26:46,309 - pyrogram.client - INFO - [MediaSearchBot] [LOAD] MessageHandler("broadcast_command") in group 0 from "plugins.admin"
2025-08-16 15:26:46,309 - pyrogram.client - INFO - [MediaSearchBot] [LOAD] MessageHandler("ban_command") in group 0 from "plugins.admin"
2025-08-16 15:26:46,309 - pyrogram.client - INFO - [MediaSearchBot] [LOAD] MessageHandler("unban_command") in group 0 from "plugins.admin"
2025-08-16 15:26:46,309 - pyrogram.client - INFO - [MediaSearchBot] [LOAD] MessageHandler("logger_command") in group 0 from "plugins.admin"
2025-08-16 15:26:46,309 - pyrogram.client - INFO - [MediaSearchBot] [LOAD] MessageHandler("delete_command") in group 0 from "plugins.admin"
2025-08-16 15:26:46,309 - pyrogram.client - INFO - [MediaSearchBot] [LOAD] MessageHandler("index_media") in group 0 from "plugins.index"
2025-08-16 15:26:46,310 - pyrogram.client - INFO - [MediaSearchBot] [LOAD] MessageHandler("manual_index_command") in group 0 from "plugins.index"
2025-08-16 15:26:46,310 - pyrogram.client - INFO - [MediaSearchBot] [LOAD] EditedMessageHandler("handle_edited_media") in group 0 from "plugins.index"
2025-08-16 15:26:46,312 - pyrogram.client - INFO - [MediaSearchBot] [LOAD] InlineQueryHandler("inline_query_handler") in group 0 from "plugins.inline"
2025-08-16 15:26:46,313 - pyrogram.client - INFO - [MediaSearchBot] [LOAD] MessageHandler("start_command") in group 0 from "plugins.start"
2025-08-16 15:26:46,313 - pyrogram.client - INFO - [MediaSearchBot] [LOAD] CallbackQueryHandler("check_subscription") in group 0 from "plugins.start"
2025-08-16 15:26:46,313 - pyrogram.client - INFO - [MediaSearchBot] [LOAD] CallbackQueryHandler("handle_callbacks") in group 0 from "plugins.start"
2025-08-16 15:26:46,313 - pyrogram.client - INFO - [MediaSearchBot] Successfully loaded 14 plugins from "plugins"
2025-08-16 15:26:46,313 - pyrogram.dispatcher - INFO - Started 12 HandlerTasks
2025-08-16 15:26:48,972 - database - INFO - Connected to MongoDB successfully
2025-08-16 15:26:49,129 - bot - INFO - Bot started as @dawoflimbot
2025-08-16 15:26:49,130 - __main__ - INFO - Bot started successfully!
2025-08-16 15:27:37,157 - plugins.inline - INFO - Searching for: 'p' with filter: None
2025-08-16 15:27:37,355 - plugins.inline - INFO - Found 2 results
2025-08-16 15:27:39,263 - plugins.inline - INFO - Searching for: 'paper' with filter: None
2025-08-16 15:27:39,461 - plugins.inline - INFO - Found 1 results
2025-08-16 15:27:57,208 - plugins.index - INFO - Indexed video: Daaku Maharaj (20Daaku Maharaj (2025) CAAWIYEE.mp4 from TV
2025-08-16 15:28:10,819 - plugins.inline - INFO - Searching for: 'mahara' with filter: None
2025-08-16 15:28:11,017 - plugins.inline - INFO - Found 1 results
2025-08-16 15:28:19,820 - plugins.inline - INFO - Searching for: 'har' with filter: None
2025-08-16 15:28:20,018 - plugins.inline - INFO - Found 1 results
2025-08-16 15:28:21,261 - plugins.inline - INFO - Searching for: 'm' with filter: None
2025-08-16 15:28:21,459 - plugins.inline - INFO - Found 3 results
2025-08-16 15:28:24,857 - plugins.inline - INFO - Searching for: 'maha' with filter: None
2025-08-16 15:28:25,055 - plugins.inline - INFO - Found 1 results
2025-08-16 15:35:09,797 - root - INFO - Stop signal received (SIGTERM). Exiting...
2025-08-16 15:35:11,483 - __main__ - INFO - Bot stopped.
2025-08-16 15:35:14,803 - keep_alive - INFO - Keep-alive service started
2025-08-16 15:35:14,816 - keep_alive - INFO - Keep-alive server started on port 5000
2025-08-16 15:35:15,005 - pyrogram.connection.connection - INFO - Connecting...
2025-08-16 15:35:15,108 - pyrogram.connection.connection - INFO - Connected! Production DC4 - IPv4
2025-08-16 15:35:15,109 - pyrogram.session.session - INFO - NetworkTask started
2025-08-16 15:35:15,573 - pyrogram.session.session - INFO - Session initialized: Layer 158
2025-08-16 15:35:15,573 - pyrogram.session.session - INFO - Device: CPython 3.11.13 - Pyrogram 2.0.106
2025-08-16 15:35:15,573 - pyrogram.session.session - INFO - System: Linux 6.2.16 (en)
2025-08-16 15:35:15,573 - pyrogram.session.session - INFO - Session started
2025-08-16 15:35:15,575 - pyrogram.session.session - INFO - PingTask started
2025-08-16 15:35:15,820 - pyrogram.client - INFO - [MediaSearchBot] [LOAD] MessageHandler("stats_command") in group 0 from "plugins.admin"
2025-08-16 15:35:15,821 - pyrogram.client - INFO - [MediaSearchBot] [LOAD] MessageHandler("total_command") in group 0 from "plugins.admin"
2025-08-16 15:35:15,821 - pyrogram.client - INFO - [MediaSearchBot] [LOAD] MessageHandler("broadcast_command") in group 0 from "plugins.admin"
2025-08-16 15:35:15,821 - pyrogram.client - INFO - [MediaSearchBot] [LOAD] MessageHandler("ban_command") in group 0 from "plugins.admin"
2025-08-16 15:35:15,821 - pyrogram.client - INFO - [MediaSearchBot] [LOAD] MessageHandler("unban_command") in group 0 from "plugins.admin"
2025-08-16 15:35:15,821 - pyrogram.client - INFO - [MediaSearchBot] [LOAD] MessageHandler("logger_command") in group 0 from "plugins.admin"
2025-08-16 15:35:15,821 - pyrogram.client - INFO - [MediaSearchBot] [LOAD] MessageHandler("delete_command") in group 0 from "plugins.admin"
2025-08-16 15:35:15,823 - pyrogram.client - INFO - [MediaSearchBot] [LOAD] MessageHandler("index_media") in group 0 from "plugins.index"
2025-08-16 15:35:15,823 - pyrogram.client - INFO - [MediaSearchBot] [LOAD] MessageHandler("manual_index_command") in group 0 from "plugins.index"
2025-08-16 15:35:15,823 - pyrogram.client - INFO - [MediaSearchBot] [LOAD] EditedMessageHandler("handle_edited_media") in group 0 from "plugins.index"
2025-08-16 15:35:15,824 - pyrogram.client - INFO - [MediaSearchBot] [LOAD] InlineQueryHandler("inline_query_handler") in group 0 from "plugins.inline"
2025-08-16 15:35:15,825 - pyrogram.client - INFO - [MediaSearchBot] [LOAD] MessageHandler("start_command") in group 0 from "plugins.start"
2025-08-16 15:35:15,826 - pyrogram.client - INFO - [MediaSearchBot] [LOAD] CallbackQueryHandler("check_subscription") in group 0 from "plugins.start"
2025-08-16 15:35:15,826 - pyrogram.client - INFO - [MediaSearchBot] [LOAD] CallbackQueryHandler("handle_callbacks") in group 0 from "plugins.start"
2025-08-16 15:35:15,826 - pyrogram.client - INFO - [MediaSearchBot] Successfully loaded 14 plugins from "plugins"
2025-08-16 15:35:15,826 - pyrogram.dispatcher - INFO - Started 12 HandlerTasks
2025-08-16 15:35:18,602 - database - INFO - Connected to MongoDB successfully
2025-08-16 15:35:18,729 - bot - INFO - Bot started as @dawoflimbot
2025-08-16 15:35:18,729 - __main__ - INFO - Bot started successfully!
2025-08-16 15:36:54,239 - plugins.inline - INFO - Searching for: 'mahara' with filter: None
2025-08-16 15:36:54,437 - plugins.inline - INFO - Found 1 results
2025-08-16 15:37:01,997 - plugins.inline - INFO - Searching for: 'papaer' with filter: None
2025-08-16 15:37:02,195 - plugins.inline - INFO - Found 0 results
2025-08-16 15:37:02,337 - plugins.inline - ERROR - Error handling inline query: Telegram says: [400 WEBDOCUMENT_MIME_INVALID] - The web document mime type is invalid (caused by "messages.SetInlineBotResults")
2025-08-16 15:37:02,450 - pyrogram.dispatcher - ERROR - Telegram says: [400 WEBDOCUMENT_MIME_INVALID] - The web document mime type is invalid (caused by "messages.SetInlineBotResults")
Traceback (most recent call last):
  File "/home/runner/workspace/plugins/inline.py", line 190, in inline_query_handler
    await query.answer(
  File "/home/runner/workspace/.pythonlibs/lib/python3.11/site-packages/pyrogram/types/inline_mode/inline_query.py", line 172, in answer
    return await self._client.answer_inline_query(
           ^^^^^^^^^^^^^^^^^^^^^^^^^^^^^^^^^^^^^^^
  File "/home/runner/workspace/.pythonlibs/lib/python3.11/site-packages/pyrogram/methods/bots/answer_inline_query.py", line 99, in answer_inline_query
    return await self.invoke(
           ^^^^^^^^^^^^^^^^^^
  File "/home/runner/workspace/.pythonlibs/lib/python3.11/site-packages/pyrogram/methods/advanced/invoke.py", line 79, in invoke
    r = await self.session.invoke(
        ^^^^^^^^^^^^^^^^^^^^^^^^^^
  File "/home/runner/workspace/.pythonlibs/lib/python3.11/site-packages/pyrogram/session/session.py", line 389, in invoke
    return await self.send(query, timeout=timeout)
           ^^^^^^^^^^^^^^^^^^^^^^^^^^^^^^^^^^^^^^^
  File "/home/runner/workspace/.pythonlibs/lib/python3.11/site-packages/pyrogram/session/session.py", line 357, in send
    RPCError.raise_it(result, type(data))
  File "/home/runner/workspace/.pythonlibs/lib/python3.11/site-packages/pyrogram/errors/rpc_error.py", line 91, in raise_it
    raise getattr(
pyrogram.errors.exceptions.bad_request_400.WebdocumentMimeInvalid: Telegram says: [400 WEBDOCUMENT_MIME_INVALID] - The web document mime type is invalid (caused by "messages.SetInlineBotResults")

During handling of the above exception, another exception occurred:

Traceback (most recent call last):
  File "/home/runner/workspace/.pythonlibs/lib/python3.11/site-packages/pyrogram/dispatcher.py", line 240, in handler_worker
    await handler.callback(self.client, *args)
  File "/home/runner/workspace/plugins/inline.py", line 216, in inline_query_handler
    await query.answer(
  File "/home/runner/workspace/.pythonlibs/lib/python3.11/site-packages/pyrogram/types/inline_mode/inline_query.py", line 172, in answer
    return await self._client.answer_inline_query(
           ^^^^^^^^^^^^^^^^^^^^^^^^^^^^^^^^^^^^^^^
  File "/home/runner/workspace/.pythonlibs/lib/python3.11/site-packages/pyrogram/methods/bots/answer_inline_query.py", line 99, in answer_inline_query
    return await self.invoke(
           ^^^^^^^^^^^^^^^^^^
  File "/home/runner/workspace/.pythonlibs/lib/python3.11/site-packages/pyrogram/methods/advanced/invoke.py", line 79, in invoke
    r = await self.session.invoke(
        ^^^^^^^^^^^^^^^^^^^^^^^^^^
  File "/home/runner/workspace/.pythonlibs/lib/python3.11/site-packages/pyrogram/session/session.py", line 389, in invoke
    return await self.send(query, timeout=timeout)
           ^^^^^^^^^^^^^^^^^^^^^^^^^^^^^^^^^^^^^^^
  File "/home/runner/workspace/.pythonlibs/lib/python3.11/site-packages/pyrogram/session/session.py", line 357, in send
    RPCError.raise_it(result, type(data))
  File "/home/runner/workspace/.pythonlibs/lib/python3.11/site-packages/pyrogram/errors/rpc_error.py", line 91, in raise_it
    raise getattr(
pyrogram.errors.exceptions.bad_request_400.WebdocumentMimeInvalid: Telegram says: [400 WEBDOCUMENT_MIME_INVALID] - The web document mime type is invalid (caused by "messages.SetInlineBotResults")
2025-08-16 15:37:05,229 - plugins.inline - INFO - Searching for: 'papa' with filter: None
2025-08-16 15:37:05,431 - plugins.inline - INFO - Found 0 results
2025-08-16 15:37:05,542 - plugins.inline - ERROR - Error handling inline query: Telegram says: [400 WEBDOCUMENT_MIME_INVALID] - The web document mime type is invalid (caused by "messages.SetInlineBotResults")
2025-08-16 15:37:05,650 - pyrogram.dispatcher - ERROR - Telegram says: [400 WEBDOCUMENT_MIME_INVALID] - The web document mime type is invalid (caused by "messages.SetInlineBotResults")
Traceback (most recent call last):
  File "/home/runner/workspace/plugins/inline.py", line 190, in inline_query_handler
    await query.answer(
  File "/home/runner/workspace/.pythonlibs/lib/python3.11/site-packages/pyrogram/types/inline_mode/inline_query.py", line 172, in answer
    return await self._client.answer_inline_query(
           ^^^^^^^^^^^^^^^^^^^^^^^^^^^^^^^^^^^^^^^
  File "/home/runner/workspace/.pythonlibs/lib/python3.11/site-packages/pyrogram/methods/bots/answer_inline_query.py", line 99, in answer_inline_query
    return await self.invoke(
           ^^^^^^^^^^^^^^^^^^
  File "/home/runner/workspace/.pythonlibs/lib/python3.11/site-packages/pyrogram/methods/advanced/invoke.py", line 79, in invoke
    r = await self.session.invoke(
        ^^^^^^^^^^^^^^^^^^^^^^^^^^
  File "/home/runner/workspace/.pythonlibs/lib/python3.11/site-packages/pyrogram/session/session.py", line 389, in invoke
    return await self.send(query, timeout=timeout)
           ^^^^^^^^^^^^^^^^^^^^^^^^^^^^^^^^^^^^^^^
  File "/home/runner/workspace/.pythonlibs/lib/python3.11/site-packages/pyrogram/session/session.py", line 357, in send
    RPCError.raise_it(result, type(data))
  File "/home/runner/workspace/.pythonlibs/lib/python3.11/site-packages/pyrogram/errors/rpc_error.py", line 91, in raise_it
    raise getattr(
pyrogram.errors.exceptions.bad_request_400.WebdocumentMimeInvalid: Telegram says: [400 WEBDOCUMENT_MIME_INVALID] - The web document mime type is invalid (caused by "messages.SetInlineBotResults")

During handling of the above exception, another exception occurred:

Traceback (most recent call last):
  File "/home/runner/workspace/.pythonlibs/lib/python3.11/site-packages/pyrogram/dispatcher.py", line 240, in handler_worker
    await handler.callback(self.client, *args)
  File "/home/runner/workspace/plugins/inline.py", line 216, in inline_query_handler
    await query.answer(
  File "/home/runner/workspace/.pythonlibs/lib/python3.11/site-packages/pyrogram/types/inline_mode/inline_query.py", line 172, in answer
    return await self._client.answer_inline_query(
           ^^^^^^^^^^^^^^^^^^^^^^^^^^^^^^^^^^^^^^^
  File "/home/runner/workspace/.pythonlibs/lib/python3.11/site-packages/pyrogram/methods/bots/answer_inline_query.py", line 99, in answer_inline_query
    return await self.invoke(
           ^^^^^^^^^^^^^^^^^^
  File "/home/runner/workspace/.pythonlibs/lib/python3.11/site-packages/pyrogram/methods/advanced/invoke.py", line 79, in invoke
    r = await self.session.invoke(
        ^^^^^^^^^^^^^^^^^^^^^^^^^^
  File "/home/runner/workspace/.pythonlibs/lib/python3.11/site-packages/pyrogram/session/session.py", line 389, in invoke
    return await self.send(query, timeout=timeout)
           ^^^^^^^^^^^^^^^^^^^^^^^^^^^^^^^^^^^^^^^
  File "/home/runner/workspace/.pythonlibs/lib/python3.11/site-packages/pyrogram/session/session.py", line 357, in send
    RPCError.raise_it(result, type(data))
  File "/home/runner/workspace/.pythonlibs/lib/python3.11/site-packages/pyrogram/errors/rpc_error.py", line 91, in raise_it
    raise getattr(
pyrogram.errors.exceptions.bad_request_400.WebdocumentMimeInvalid: Telegram says: [400 WEBDOCUMENT_MIME_INVALID] - The web document mime type is invalid (caused by "messages.SetInlineBotResults")
2025-08-16 15:37:05,801 - plugins.inline - INFO - Searching for: 'pap' with filter: None
2025-08-16 15:37:05,999 - plugins.inline - INFO - Found 1 results
2025-08-16 15:37:06,522 - plugins.inline - INFO - Searching for: 'paper' with filter: None
2025-08-16 15:37:06,720 - plugins.inline - INFO - Found 1 results
2025-08-16 15:46:53,951 - root - INFO - Stop signal received (SIGTERM). Exiting...
2025-08-16 15:46:56,328 - __main__ - INFO - Bot stopped.
2025-08-16 15:47:00,472 - keep_alive - INFO - Keep-alive service started
2025-08-16 15:47:00,533 - keep_alive - INFO - Keep-alive server started on port 5000
2025-08-16 15:47:00,702 - pyrogram.connection.connection - INFO - Connecting...
2025-08-16 15:47:00,806 - pyrogram.connection.connection - INFO - Connected! Production DC4 - IPv4
2025-08-16 15:47:00,806 - pyrogram.session.session - INFO - NetworkTask started
2025-08-16 15:47:01,351 - pyrogram.session.session - INFO - Session initialized: Layer 158
2025-08-16 15:47:01,351 - pyrogram.session.session - INFO - Device: CPython 3.11.13 - Pyrogram 2.0.106
2025-08-16 15:47:01,351 - pyrogram.session.session - INFO - System: Linux 6.2.16 (en)
2025-08-16 15:47:01,352 - pyrogram.session.session - INFO - Session started
2025-08-16 15:47:01,354 - pyrogram.session.session - INFO - PingTask started
2025-08-16 15:47:01,787 - pyrogram.client - INFO - [MediaSearchBot] [LOAD] MessageHandler("stats_command") in group 0 from "plugins.admin"
2025-08-16 15:47:01,788 - pyrogram.client - INFO - [MediaSearchBot] [LOAD] MessageHandler("total_command") in group 0 from "plugins.admin"
2025-08-16 15:47:01,788 - pyrogram.client - INFO - [MediaSearchBot] [LOAD] MessageHandler("broadcast_command") in group 0 from "plugins.admin"
2025-08-16 15:47:01,788 - pyrogram.client - INFO - [MediaSearchBot] [LOAD] MessageHandler("ban_command") in group 0 from "plugins.admin"
2025-08-16 15:47:01,788 - pyrogram.client - INFO - [MediaSearchBot] [LOAD] MessageHandler("unban_command") in group 0 from "plugins.admin"
2025-08-16 15:47:01,788 - pyrogram.client - INFO - [MediaSearchBot] [LOAD] MessageHandler("logger_command") in group 0 from "plugins.admin"
2025-08-16 15:47:01,788 - pyrogram.client - INFO - [MediaSearchBot] [LOAD] MessageHandler("delete_command") in group 0 from "plugins.admin"
2025-08-16 15:47:01,790 - pyrogram.client - INFO - [MediaSearchBot] [LOAD] MessageHandler("index_media") in group 0 from "plugins.index"
2025-08-16 15:47:01,790 - pyrogram.client - INFO - [MediaSearchBot] [LOAD] MessageHandler("manual_index_command") in group 0 from "plugins.index"
2025-08-16 15:47:01,790 - pyrogram.client - INFO - [MediaSearchBot] [LOAD] EditedMessageHandler("handle_edited_media") in group 0 from "plugins.index"
2025-08-16 15:47:01,797 - pyrogram.client - INFO - [MediaSearchBot] [LOAD] InlineQueryHandler("inline_query_handler") in group 0 from "plugins.inline"
2025-08-16 15:47:01,799 - pyrogram.client - INFO - [MediaSearchBot] [LOAD] MessageHandler("start_command") in group 0 from "plugins.start"
2025-08-16 15:47:01,800 - pyrogram.client - INFO - [MediaSearchBot] [LOAD] CallbackQueryHandler("check_subscription") in group 0 from "plugins.start"
2025-08-16 15:47:01,800 - pyrogram.client - INFO - [MediaSearchBot] [LOAD] CallbackQueryHandler("handle_callbacks") in group 0 from "plugins.start"
2025-08-16 15:47:01,800 - pyrogram.client - INFO - [MediaSearchBot] Successfully loaded 14 plugins from "plugins"
2025-08-16 15:47:01,800 - pyrogram.dispatcher - INFO - Started 12 HandlerTasks
2025-08-16 15:47:04,535 - database - INFO - Connected to MongoDB successfully
2025-08-16 15:47:04,651 - bot - INFO - Bot started as @dawoflimbot
2025-08-16 15:47:04,651 - __main__ - INFO - Bot started successfully!
2025-08-16 15:47:36,773 - root - INFO - Stop signal received (SIGTERM). Exiting...
2025-08-16 15:47:41,090 - keep_alive - INFO - Keep-alive service started
2025-08-16 15:47:41,110 - keep_alive - INFO - Keep-alive server started on port 5000
2025-08-16 15:47:41,292 - pyrogram.connection.connection - INFO - Connecting...
2025-08-16 15:47:41,395 - pyrogram.connection.connection - INFO - Connected! Production DC4 - IPv4
2025-08-16 15:47:41,399 - pyrogram.session.session - INFO - NetworkTask started
2025-08-16 15:47:41,858 - pyrogram.session.session - INFO - Session initialized: Layer 158
2025-08-16 15:47:41,858 - pyrogram.session.session - INFO - Device: CPython 3.11.13 - Pyrogram 2.0.106
2025-08-16 15:47:41,859 - pyrogram.session.session - INFO - System: Linux 6.2.16 (en)
2025-08-16 15:47:41,859 - pyrogram.session.session - INFO - Session started
2025-08-16 15:47:41,861 - pyrogram.session.session - INFO - PingTask started
2025-08-16 15:47:42,090 - pyrogram.client - INFO - [MediaSearchBot] [LOAD] MessageHandler("stats_command") in group 0 from "plugins.admin"
2025-08-16 15:47:42,090 - pyrogram.client - INFO - [MediaSearchBot] [LOAD] MessageHandler("total_command") in group 0 from "plugins.admin"
2025-08-16 15:47:42,090 - pyrogram.client - INFO - [MediaSearchBot] [LOAD] MessageHandler("broadcast_command") in group 0 from "plugins.admin"
2025-08-16 15:47:42,090 - pyrogram.client - INFO - [MediaSearchBot] [LOAD] MessageHandler("ban_command") in group 0 from "plugins.admin"
2025-08-16 15:47:42,090 - pyrogram.client - INFO - [MediaSearchBot] [LOAD] MessageHandler("unban_command") in group 0 from "plugins.admin"
2025-08-16 15:47:42,090 - pyrogram.client - INFO - [MediaSearchBot] [LOAD] MessageHandler("logger_command") in group 0 from "plugins.admin"
2025-08-16 15:47:42,091 - pyrogram.client - INFO - [MediaSearchBot] [LOAD] MessageHandler("delete_command") in group 0 from "plugins.admin"
2025-08-16 15:47:42,091 - pyrogram.client - INFO - [MediaSearchBot] [LOAD] MessageHandler("index_media") in group 0 from "plugins.index"
2025-08-16 15:47:42,091 - pyrogram.client - INFO - [MediaSearchBot] [LOAD] MessageHandler("manual_index_command") in group 0 from "plugins.index"
2025-08-16 15:47:42,091 - pyrogram.client - INFO - [MediaSearchBot] [LOAD] EditedMessageHandler("handle_edited_media") in group 0 from "plugins.index"
2025-08-16 15:47:42,093 - pyrogram.client - INFO - [MediaSearchBot] [LOAD] InlineQueryHandler("inline_query_handler") in group 0 from "plugins.inline"
2025-08-16 15:47:42,095 - pyrogram.client - INFO - [MediaSearchBot] [LOAD] MessageHandler("start_command") in group 0 from "plugins.start"
2025-08-16 15:47:42,095 - pyrogram.client - INFO - [MediaSearchBot] [LOAD] CallbackQueryHandler("check_subscription") in group 0 from "plugins.start"
2025-08-16 15:47:42,095 - pyrogram.client - INFO - [MediaSearchBot] [LOAD] CallbackQueryHandler("handle_callbacks") in group 0 from "plugins.start"
2025-08-16 15:47:42,095 - pyrogram.client - INFO - [MediaSearchBot] Successfully loaded 14 plugins from "plugins"
2025-08-16 15:47:42,096 - pyrogram.dispatcher - INFO - Started 12 HandlerTasks
2025-08-16 15:47:44,657 - database - INFO - Connected to MongoDB successfully
2025-08-16 15:47:44,780 - bot - INFO - Bot started as @dawoflimbot
2025-08-16 15:47:44,781 - __main__ - INFO - Bot started successfully!
2025-08-16 15:48:42,236 - plugins.inline - INFO - Searching for: 'mahara' with filter: None
2025-08-16 15:48:42,434 - plugins.inline - INFO - Found 1 results
2025-08-16 15:48:43,830 - plugins.inline - INFO - Searching for: 'maharah' with filter: None
2025-08-16 15:48:44,028 - plugins.inline - INFO - Found 0 results
2025-08-16 15:48:51,201 - plugins.inline - INFO - Searching for: 'mahar' with filter: None
2025-08-16 15:48:51,398 - plugins.inline - INFO - Found 1 results
2025-08-16 15:49:02,238 - plugins.inline - INFO - Searching for: 'Helo' with filter: None
2025-08-16 15:49:02,435 - plugins.inline - INFO - Found 0 results
2025-08-16 15:50:18,500 - plugins.index - INFO - Indexed video: Animal.mp4 from TV
2025-08-16 15:50:18,700 - plugins.index - INFO - Indexed video: Aadujeevitham The Goat Life 2024 CAAWIYE.mp4 from TV
2025-08-16 15:50:18,898 - plugins.index - INFO - Indexed video: Bubelggam.mp4 from TV
2025-08-16 15:50:19,098 - plugins.index - INFO - Indexed video: Maharshi.mp4 from TV
2025-08-16 15:50:19,297 - plugins.index - INFO - Indexed video: St 2.mp4 from TV
2025-08-16 15:50:19,496 - plugins.index - INFO - Indexed video: Bloody.Ishq.2024 CAAWIYE.mp4 from TV
2025-08-16 15:50:19,534 - plugins.index - INFO - Indexed video: Nene Raju Nene Mantri 2017 CAAWIYE.mp4 from TV
2025-08-16 15:50:19,592 - plugins.index - INFO - Indexed video: Romeo.mp4 from TV
2025-08-16 15:50:19,696 - plugins.index - INFO - Indexed video: video_525.mp4 from TV
2025-08-16 15:50:19,732 - plugins.index - INFO - Indexed video: War.mp4 from TV
2025-08-16 15:50:19,795 - plugins.index - INFO - Indexed video: Go.mp4 from TV
2025-08-16 15:50:19,894 - plugins.index - INFO - Indexed video: Sita.mp4 from TV
2025-08-16 15:50:19,931 - plugins.index - INFO - Indexed video: Radhe.mp4 from TV
2025-08-16 15:50:19,993 - plugins.index - INFO - Indexed video: Khel Khel Main 2024 CAAWIYE.mp4 from TV
2025-08-16 15:50:20,093 - plugins.index - INFO - Indexed video: M.mp4 from TV
2025-08-16 15:50:20,129 - plugins.index - INFO - Indexed video: Kiss.mp4 from TV
2025-08-16 15:50:20,191 - plugins.index - INFO - Indexed video: video_533.mp4 from TV
2025-08-16 15:50:20,293 - plugins.index - INFO - Indexed video: Th.mp4 from TV
2025-08-16 15:50:20,328 - plugins.index - INFO - Indexed video: video_535.mp4 from TV
2025-08-16 15:50:20,388 - plugins.index - INFO - Indexed video: Martin (2024) CAAWIYE.mp4 from TV
2025-08-16 15:50:20,491 - plugins.index - INFO - Indexed video: Pushpa The Rise Part 1 2021 CAAWIYE.mp4 from TV
2025-08-16 15:50:20,527 - plugins.index - INFO - Indexed video: Nota 2018 CAAWIYE.mp4 from TV
2025-08-16 15:50:20,597 - plugins.index - INFO - Indexed video: Singham Astaan.mp4 from TV
2025-08-16 15:50:20,600 - plugins.index - INFO - Indexed video: video_524.mp4 from TV
2025-08-16 15:50:20,697 - plugins.index - INFO - Indexed video: video_542.mp4 from TV
2025-08-16 15:50:20,725 - plugins.index - INFO - Indexed video: Dhruvathaare 2024 CAAWIYE A.mp4 from TV
2025-08-16 15:50:20,762 - plugins.index - INFO - Indexed video: Barroz (2024) CAAWIYE.mp4 from TV
2025-08-16 15:50:20,806 - plugins.index - INFO - Indexed video: Nadaaniyan 2025 CAAWIYE.mp4 from TV
2025-08-16 15:50:20,806 - plugins.index - INFO - Indexed video: Dhakshina (2024) CAAWIYE.mp4 from TV
2025-08-16 15:50:20,896 - plugins.index - INFO - Indexed video: Manamey (2024) CAAWIYE.mp4 from TV
2025-08-16 15:50:20,922 - plugins.index - INFO - Indexed video: PAAGAL (2021) CAAWIYE.mp4 from TV
2025-08-16 15:50:20,960 - plugins.index - INFO - Indexed video: Mad 2023 CAAWIYE.mp4 from TV
2025-08-16 15:50:21,002 - plugins.index - INFO - Indexed video: Mad.Square.2025 CAAWIYE.mp4 from TV
2025-08-16 15:50:21,004 - plugins.index - INFO - Indexed video: Ala.Vaikunthapurramuloo.2020 CAAWIYE.mp4 from TV
2025-08-16 15:50:21,094 - plugins.index - INFO - Indexed video: Borbaad (2025) CAAWIYE.mp4 from TV
2025-08-16 15:50:21,130 - plugins.index - INFO - Indexed video: video_553.mp4 from TV
2025-08-16 15:50:21,163 - plugins.index - INFO - Indexed video: War 2 2025 Hindi CAAWIYE.mp4 from TV
2025-08-16 15:50:21,574 - plugins.index - INFO - Indexed video: Gun.mp4 from TV
2025-08-16 15:50:21,608 - plugins.index - INFO - Indexed video: Pushpa 2  The Rule (2024) CAAWIYE A.mp4 from TV
2025-08-16 15:50:52,436 - plugins.inline - INFO - Searching for: 'mad' with filter: None
2025-08-16 15:50:52,638 - plugins.inline - INFO - Found 2 results
